your url is: https://wicked-cows-flow.loca.lt
Sun Sep 21 2025 13:17:00 GMT-0500 (Central Daylight Time) GET /api/trpc/scorecard.getRemainingScans?input=%7B%22json%22%3A%7B%22userId%22%3A%22mfu0rn41piqd5o40dyl%22%7D%7D
Sun Sep 21 2025 13:17:00 GMT-0500 (Central Daylight Time) GET /api/trpc/scorecard.getRemainingScans?input=%7B%22json%22%3A%7B%22userId%22%3A%22mfu0rn4tnx7dwry93c%22%7D%7D
Sun Sep 21 2025 13:17:00 GMT-0500 (Central Daylight Time) GET /api/trpc/scorecard.getRemainingScans?input=%7B%22json%22%3A%7B%22userId%22%3A%22mfu0rn4mvxu3frhaa8a%22%7D%7D
Sun Sep 21 2025 13:17:00 GMT-0500 (Central Daylight Time) GET /api/trpc/scorecard.getRemainingScans?input=%7B%22json%22%3A%7B%22userId%22%3A%22mfu0rng5n7bj1pe0p9%22%7D%7D
Sun Sep 21 2025 13:17:00 GMT-0500 (Central Daylight Time) GET /api/trpc/scorecard.getRemainingScans?input=%7B%22json%22%3A%7B%22userId%22%3A%22mfu0rnks82vs8jdcx8i%22%7D%7D
Sun Sep 21 2025 13:17:00 GMT-0500 (Central Daylight Time) GET /api/trpc/scorecard.getRemainingScans?input=%7B%22json%22%3A%7B%22userId%22%3A%22mfu0rnpho2bejiap1p%22%7D%7D
Sun Sep 21 2025 13:17:01 GMT-0500 (Central Daylight Time) GET /api/trpc/scorecard.getRemainingScans?input=%7B%22json%22%3A%7B%22userId%22%3A%22mfu0rnulc94xi034c0c%22%7D%7D
Sun Sep 21 2025 13:17:01 GMT-0500 (Central Daylight Time) GET /api/trpc/scorecard.getRemainingScans?input=%7B%22json%22%3A%7B%22userId%22%3A%22mfu0rnzl7d8z1mkatvh%22%7D%7D
Sun Sep 21 2025 13:17:01 GMT-0500 (Central Daylight Time) GET /api/trpc/scorecard.getRemainingScans?input=%7B%22json%22%3A%7B%22userId%22%3A%22mfu0ro3ryfwan7frmn%22%7D%7D
Sun Sep 21 2025 13:17:01 GMT-0500 (Central Daylight Time) GET /api/trpc/scorecard.getRemainingScans?input=%7B%22json%22%3A%7B%22userId%22%3A%22mfu0ro7xhus283u4k7o%22%7D%7D
Sun Sep 21 2025 13:17:01 GMT-0500 (Central Daylight Time) GET /api/trpc/scorecard.getRemainingScans?input=%7B%22json%22%3A%7B%22userId%22%3A%22mfu0roc3vbwkvomfd7e%22%7D%7D
Sun Sep 21 2025 13:17:01 GMT-0500 (Central Daylight Time) GET /api/trpc/scorecard.getRemainingScans?input=%7B%22json%22%3A%7B%22userId%22%3A%22mfu0rogasv70kvvzec%22%7D%7D
Sun Sep 21 2025 13:17:02 GMT-0500 (Central Daylight Time) GET /api/trpc/scorecard.getRemainingScans?input=%7B%22json%22%3A%7B%22userId%22%3A%22mfu0rokspalze3f6kgn%22%7D%7D
Sun Sep 21 2025 13:17:02 GMT-0500 (Central Daylight Time) GET /api/trpc/scorecard.getRemainingScans?input=%7B%22json%22%3A%7B%22userId%22%3A%22mfu0ropgdgtg3a241u%22%7D%7D
Sun Sep 21 2025 13:17:02 GMT-0500 (Central Daylight Time) GET /api/trpc/scorecard.getRemainingScans?input=%7B%22json%22%3A%7B%22userId%22%3A%22mfu0rou3zsjxuq5mx7%22%7D%7D
Sun Sep 21 2025 13:17:02 GMT-0500 (Central Daylight Time) GET /api/trpc/scorecard.getRemainingScans?input=%7B%22json%22%3A%7B%22userId%22%3A%22mfu0royqly5h3bq2idd%22%7D%7D
Sun Sep 21 2025 13:17:02 GMT-0500 (Central Daylight Time) GET /api/trpc/scorecard.getRemainingScans?input=%7B%22json%22%3A%7B%22userId%22%3A%22mfu0rp3vuhm5ifxady%22%7D%7D
Sun Sep 21 2025 13:17:02 GMT-0500 (Central Daylight Time) GET /api/trpc/scorecard.getRemainingScans?input=%7B%22json%22%3A%7B%22userId%22%3A%22mfu0rp8wae5hs0z6iv%22%7D%7D
Sun Sep 21 2025 13:17:03 GMT-0500 (Central Daylight Time) GET /api/trpc/scorecard.getRemainingScans?input=%7B%22json%22%3A%7B%22userId%22%3A%22mfu0rpen168w7p2y6fm%22%7D%7D
Sun Sep 21 2025 13:17:03 GMT-0500 (Central Daylight Time) GET /api/trpc/scorecard.getRemainingScans?input=%7B%22json%22%3A%7B%22userId%22%3A%22mfu0rpjmaisbh47paw6%22%7D%7D
Sun Sep 21 2025 13:17:03 GMT-0500 (Central Daylight Time) GET /api/trpc/scorecard.getRemainingScans?input=%7B%22json%22%3A%7B%22userId%22%3A%22mfu0rponmgp1fk8uy1d%22%7D%7D
Sun Sep 21 2025 13:17:03 GMT-0500 (Central Daylight Time) GET /api/trpc/scorecard.getRemainingScans?input=%7B%22json%22%3A%7B%22userId%22%3A%22mfu0rpta2b5sj69maou%22%7D%7D
Sun Sep 21 2025 13:17:03 GMT-0500 (Central Daylight Time) GET /api/trpc/scorecard.getRemainingScans?input=%7B%22json%22%3A%7B%22userId%22%3A%22mfu0rpyd82gq1473ma7%22%7D%7D
Sun Sep 21 2025 13:17:04 GMT-0500 (Central Daylight Time) GET /api/trpc/scorecard.getRemainingScans?input=%7B%22json%22%3A%7B%22userId%22%3A%22mfu0rq4f8opimvftovw%22%7D%7D
Sun Sep 21 2025 13:17:04 GMT-0500 (Central Daylight Time) GET /api/trpc/scorecard.getRemainingScans?input=%7B%22json%22%3A%7B%22userId%22%3A%22mfu0rq9jk87moai6gln%22%7D%7D
Sun Sep 21 2025 13:17:04 GMT-0500 (Central Daylight Time) GET /api/trpc/scorecard.getRemainingScans?input=%7B%22json%22%3A%7B%22userId%22%3A%22mfu0rqe4psmqcx4ha8t%22%7D%7D
Sun Sep 21 2025 13:17:04 GMT-0500 (Central Daylight Time) GET /api/trpc/scorecard.getRemainingScans?input=%7B%22json%22%3A%7B%22userId%22%3A%22mfu0rqj8qim327m085%22%7D%7D
Sun Sep 21 2025 13:17:04 GMT-0500 (Central Daylight Time) GET /api/trpc/scorecard.getRemainingScans?input=%7B%22json%22%3A%7B%22userId%22%3A%22mfu0rqodbzgtj8549lw%22%7D%7D
Sun Sep 21 2025 13:17:04 GMT-0500 (Central Daylight Time) GET /api/trpc/scorecard.getRemainingScans?input=%7B%22json%22%3A%7B%22userId%22%3A%22mfu0rqtfj1rw4qe2sjo%22%7D%7D
Sun Sep 21 2025 13:17:05 GMT-0500 (Central Daylight Time) GET /api/trpc/scorecard.getRemainingScans?input=%7B%22json%22%3A%7B%22userId%22%3A%22mfu0rqy7dnwh8ak1r7%22%7D%7D
Sun Sep 21 2025 13:17:05 GMT-0500 (Central Daylight Time) GET /api/trpc/scorecard.getRemainingScans?input=%7B%22json%22%3A%7B%22userId%22%3A%22mfu0rr2pxr08yn4td4k%22%7D%7D
Sun Sep 21 2025 13:17:05 GMT-0500 (Central Daylight Time) GET /api/trpc/scorecard.getRemainingScans?input=%7B%22json%22%3A%7B%22userId%22%3A%22mfu0rr7tvlllc0jlk9q%22%7D%7D
Sun Sep 21 2025 13:17:05 GMT-0500 (Central Daylight Time) GET /api/trpc/scorecard.getRemainingScans?input=%7B%22json%22%3A%7B%22userId%22%3A%22mfu0rrcu53j7hjoganp%22%7D%7D
Sun Sep 21 2025 13:17:05 GMT-0500 (Central Daylight Time) GET /api/trpc/scorecard.getRemainingScans?input=%7B%22json%22%3A%7B%22userId%22%3A%22mfu0rrhzd4gk9iz1bg8%22%7D%7D
Sun Sep 21 2025 13:17:06 GMT-0500 (Central Daylight Time) GET /api/trpc/scorecard.getRemainingScans?input=%7B%22json%22%3A%7B%22userId%22%3A%22mfu0rrn2e42p4r6wnq%22%7D%7D
Sun Sep 21 2025 13:17:06 GMT-0500 (Central Daylight Time) GET /api/trpc/scorecard.getRemainingScans?input=%7B%22json%22%3A%7B%22userId%22%3A%22mfu0rrsmonnxit9c7r8%22%7D%7D
Sun Sep 21 2025 13:17:06 GMT-0500 (Central Daylight Time) GET /api/trpc/scorecard.getRemainingScans?input=%7B%22json%22%3A%7B%22userId%22%3A%22mfu0rrx958p53qsm753%22%7D%7D
Sun Sep 21 2025 13:17:06 GMT-0500 (Central Daylight Time) GET /api/trpc/scorecard.getRemainingScans?input=%7B%22json%22%3A%7B%22userId%22%3A%22mfu0rs1wk68noroboy%22%7D%7D
Sun Sep 21 2025 13:17:06 GMT-0500 (Central Daylight Time) GET /api/trpc/scorecard.getRemainingScans?input=%7B%22json%22%3A%7B%22userId%22%3A%22mfu0rs6zykg1sof2if%22%7D%7D
Sun Sep 21 2025 13:17:06 GMT-0500 (Central Daylight Time) GET /api/trpc/scorecard.getRemainingScans?input=%7B%22json%22%3A%7B%22userId%22%3A%22mfu0rsc2csstxtqanz%22%7D%7D
Sun Sep 21 2025 13:17:07 GMT-0500 (Central Daylight Time) GET /api/trpc/scorecard.getRemainingScans?input=%7B%22json%22%3A%7B%22userId%22%3A%22mfu0rsgo7ugq1gjtfs%22%7D%7D
Sun Sep 21 2025 13:17:07 GMT-0500 (Central Daylight Time) GET /api/trpc/scorecard.getRemainingScans?input=%7B%22json%22%3A%7B%22userId%22%3A%22mfu0rslc9wagen3e26g%22%7D%7D
Sun Sep 21 2025 13:17:07 GMT-0500 (Central Daylight Time) GET /api/trpc/scorecard.getRemainingScans?input=%7B%22json%22%3A%7B%22userId%22%3A%22mfu0rsqf73tp9mk34qw%22%7D%7D
Sun Sep 21 2025 13:17:07 GMT-0500 (Central Daylight Time) GET /api/trpc/scorecard.getRemainingScans?input=%7B%22json%22%3A%7B%22userId%22%3A%22mfu0rsvimu876so54vl%22%7D%7D
Sun Sep 21 2025 13:17:07 GMT-0500 (Central Daylight Time) GET /api/trpc/scorecard.getRemainingScans?input=%7B%22json%22%3A%7B%22userId%22%3A%22mfu0rt02ahddg7ri1e%22%7D%7D
Sun Sep 21 2025 13:17:07 GMT-0500 (Central Daylight Time) GET /api/trpc/scorecard.getRemainingScans?input=%7B%22json%22%3A%7B%22userId%22%3A%22mfu0rt48fh1eyphk2wk%22%7D%7D
Sun Sep 21 2025 13:17:08 GMT-0500 (Central Daylight Time) GET /api/trpc/scorecard.getRemainingScans?input=%7B%22json%22%3A%7B%22userId%22%3A%22mfu0rt8ebhypoozmqmt%22%7D%7D
Sun Sep 21 2025 13:17:08 GMT-0500 (Central Daylight Time) GET /api/trpc/scorecard.getRemainingScans?input=%7B%22json%22%3A%7B%22userId%22%3A%22mfu0rtckyug1o3e9o9e%22%7D%7D
Sun Sep 21 2025 13:17:08 GMT-0500 (Central Daylight Time) GET /api/trpc/scorecard.getRemainingScans?input=%7B%22json%22%3A%7B%22userId%22%3A%22mfu0rtgsyo9dd5sru3g%22%7D%7D
Sun Sep 21 2025 13:17:08 GMT-0500 (Central Daylight Time) GET /api/trpc/scorecard.getRemainingScans?input=%7B%22json%22%3A%7B%22userId%22%3A%22mfu0rtlfz4smg0rtb6%22%7D%7D
Sun Sep 21 2025 13:17:08 GMT-0500 (Central Daylight Time) GET /api/trpc/scorecard.getRemainingScans?input=%7B%22json%22%3A%7B%22userId%22%3A%22mfu0rtqjegydt2s1wvc%22%7D%7D
Sun Sep 21 2025 13:17:08 GMT-0500 (Central Daylight Time) GET /api/trpc/scorecard.getRemainingScans?input=%7B%22json%22%3A%7B%22userId%22%3A%22mfu0rtv4569ce4w7ykf%22%7D%7D
Sun Sep 21 2025 13:17:09 GMT-0500 (Central Daylight Time) GET /api/trpc/scorecard.getRemainingScans?input=%7B%22json%22%3A%7B%22userId%22%3A%22mfu0rtzagoewb0y08ls%22%7D%7D
Sun Sep 21 2025 13:17:09 GMT-0500 (Central Daylight Time) GET /api/trpc/scorecard.getRemainingScans?input=%7B%22json%22%3A%7B%22userId%22%3A%22mfu0ru380hv8rygrjk0d%22%7D%7D
Sun Sep 21 2025 13:17:09 GMT-0500 (Central Daylight Time) GET /api/trpc/scorecard.getRemainingScans?input=%7B%22json%22%3A%7B%22userId%22%3A%22mfu0ru7q24wh6rivlv7%22%7D%7D
Sun Sep 21 2025 13:17:09 GMT-0500 (Central Daylight Time) GET /api/trpc/scorecard.getRemainingScans?input=%7B%22json%22%3A%7B%22userId%22%3A%22mfu0ruccgbvptf8sgya%22%7D%7D
Sun Sep 21 2025 13:17:09 GMT-0500 (Central Daylight Time) GET /api/trpc/scorecard.getRemainingScans?input=%7B%22json%22%3A%7B%22userId%22%3A%22mfu0ruh0omf7edwf6o8%22%7D%7D
Sun Sep 21 2025 13:17:09 GMT-0500 (Central Daylight Time) GET /api/trpc/scorecard.getRemainingScans?input=%7B%22json%22%3A%7B%22userId%22%3A%22mfu0rum5o6dijy5xbml%22%7D%7D
Sun Sep 21 2025 13:17:10 GMT-0500 (Central Daylight Time) GET /api/trpc/scorecard.getRemainingScans?input=%7B%22json%22%3A%7B%22userId%22%3A%22mfu0rur7z15m0afwg2q%22%7D%7D
Sun Sep 21 2025 13:17:10 GMT-0500 (Central Daylight Time) GET /api/trpc/scorecard.getRemainingScans?input=%7B%22json%22%3A%7B%22userId%22%3A%22mfu0ruvwthilbm6pad%22%7D%7D
Sun Sep 21 2025 13:17:10 GMT-0500 (Central Daylight Time) GET /api/trpc/scorecard.getRemainingScans?input=%7B%22json%22%3A%7B%22userId%22%3A%22mfu0rv0ztbgw4lru4q%22%7D%7D
Sun Sep 21 2025 13:17:10 GMT-0500 (Central Daylight Time) GET /api/trpc/scorecard.getRemainingScans?input=%7B%22json%22%3A%7B%22userId%22%3A%22mfu0rv62byjfrh9g6g%22%7D%7D
Sun Sep 21 2025 13:17:10 GMT-0500 (Central Daylight Time) GET /api/trpc/scorecard.getRemainingScans?input=%7B%22json%22%3A%7B%22userId%22%3A%22mfu0rvanpj3rjhetn9k%22%7D%7D
Sun Sep 21 2025 13:17:10 GMT-0500 (Central Daylight Time) GET /api/trpc/scorecard.getRemainingScans?input=%7B%22json%22%3A%7B%22userId%22%3A%22mfu0rvfa993iwdfn326%22%7D%7D
Sun Sep 21 2025 13:17:11 GMT-0500 (Central Daylight Time) GET /api/trpc/scorecard.getRemainingScans?input=%7B%22json%22%3A%7B%22userId%22%3A%22mfu0rvjydnrfkild4i%22%7D%7D
Sun Sep 21 2025 13:17:11 GMT-0500 (Central Daylight Time) GET /api/trpc/scorecard.getRemainingScans?input=%7B%22json%22%3A%7B%22userId%22%3A%22mfu0rvp1629mhoset8x%22%7D%7D
Sun Sep 21 2025 13:17:11 GMT-0500 (Central Daylight Time) GET /api/trpc/scorecard.getRemainingScans?input=%7B%22json%22%3A%7B%22userId%22%3A%22mfu0rvto87k0ju0m65m%22%7D%7D
Sun Sep 21 2025 13:17:11 GMT-0500 (Central Daylight Time) GET /api/trpc/scorecard.getRemainingScans?input=%7B%22json%22%3A%7B%22userId%22%3A%22mfu0rvyaqw9m7cpti2o%22%7D%7D
Sun Sep 21 2025 13:17:11 GMT-0500 (Central Daylight Time) GET /api/trpc/scorecard.getRemainingScans?input=%7B%22json%22%3A%7B%22userId%22%3A%22mfu0rw3e76vtkd4lvja%22%7D%7D
Sun Sep 21 2025 13:17:11 GMT-0500 (Central Daylight Time) GET /api/trpc/scorecard.getRemainingScans?input=%7B%22json%22%3A%7B%22userId%22%3A%22mfu0rw8iprywvasf90f%22%7D%7D
Sun Sep 21 2025 13:17:12 GMT-0500 (Central Daylight Time) GET /api/trpc/scorecard.getRemainingScans?input=%7B%22json%22%3A%7B%22userId%22%3A%22mfu0rwdkqyocas0t03r%22%7D%7D
Sun Sep 21 2025 13:17:12 GMT-0500 (Central Daylight Time) GET /api/trpc/scorecard.getRemainingScans?input=%7B%22json%22%3A%7B%22userId%22%3A%22mfu0rwiovjw8f119n5h%22%7D%7D
Sun Sep 21 2025 13:17:12 GMT-0500 (Central Daylight Time) GET /api/trpc/scorecard.getRemainingScans?input=%7B%22json%22%3A%7B%22userId%22%3A%22mfu0rwnbvl1vlvenfdr%22%7D%7D
Sun Sep 21 2025 13:17:12 GMT-0500 (Central Daylight Time) GET /api/trpc/scorecard.getRemainingScans?input=%7B%22json%22%3A%7B%22userId%22%3A%22mfu0rwse5jql1jjomro%22%7D%7D
Sun Sep 21 2025 13:17:12 GMT-0500 (Central Daylight Time) GET /api/trpc/scorecard.getRemainingScans?input=%7B%22json%22%3A%7B%22userId%22%3A%22mfu0rwxihydgl1wcsda%22%7D%7D
Sun Sep 21 2025 13:17:13 GMT-0500 (Central Daylight Time) GET /api/trpc/scorecard.getRemainingScans?input=%7B%22json%22%3A%7B%22userId%22%3A%22mfu0rx24a3h8j9fr0ee%22%7D%7D
Sun Sep 21 2025 13:17:13 GMT-0500 (Central Daylight Time) GET /api/trpc/scorecard.getRemainingScans?input=%7B%22json%22%3A%7B%22userId%22%3A%22mfu0rx6q1wro359ltg0i%22%7D%7D
Sun Sep 21 2025 13:17:13 GMT-0500 (Central Daylight Time) GET /api/trpc/scorecard.getRemainingScans?input=%7B%22json%22%3A%7B%22userId%22%3A%22mfu0rxbb8t9s47mjwsi%22%7D%7D
Sun Sep 21 2025 13:17:13 GMT-0500 (Central Daylight Time) GET /api/trpc/scorecard.getRemainingScans?input=%7B%22json%22%3A%7B%22userId%22%3A%22mfu0rxfholz2enlv34%22%7D%7D
Sun Sep 21 2025 13:17:13 GMT-0500 (Central Daylight Time) GET /api/trpc/scorecard.getRemainingScans?input=%7B%22json%22%3A%7B%22userId%22%3A%22mfu0rxk12g02hgut3jp%22%7D%7D
Sun Sep 21 2025 13:17:13 GMT-0500 (Central Daylight Time) GET /api/trpc/scorecard.getRemainingScans?input=%7B%22json%22%3A%7B%22userId%22%3A%22mfu0rxor7uegn3ln9nn%22%7D%7D
Sun Sep 21 2025 13:17:14 GMT-0500 (Central Daylight Time) GET /api/trpc/scorecard.getRemainingScans?input=%7B%22json%22%3A%7B%22userId%22%3A%22mfu0rxtxu8i5r99cbf%22%7D%7D
Sun Sep 21 2025 13:17:14 GMT-0500 (Central Daylight Time) GET /api/trpc/scorecard.getRemainingScans?input=%7B%22json%22%3A%7B%22userId%22%3A%22mfu0rxyxjn5xe3zvrqs%22%7D%7D
Sun Sep 21 2025 13:17:14 GMT-0500 (Central Daylight Time) GET /api/trpc/scorecard.getRemainingScans?input=%7B%22json%22%3A%7B%22userId%22%3A%22mfu0ry44ixt78mwbm4l%22%7D%7D
Sun Sep 21 2025 13:17:14 GMT-0500 (Central Daylight Time) GET /api/trpc/scorecard.getRemainingScans?input=%7B%22json%22%3A%7B%22userId%22%3A%22mfu0ry95ix6uaajml3%22%7D%7D
Sun Sep 21 2025 13:17:14 GMT-0500 (Central Daylight Time) GET /api/trpc/scorecard.getRemainingScans?input=%7B%22json%22%3A%7B%22userId%22%3A%22mfu0rydhpwh91ek9cq%22%7D%7D
Sun Sep 21 2025 13:17:15 GMT-0500 (Central Daylight Time) GET /api/trpc/scorecard.getRemainingScans?input=%7B%22json%22%3A%7B%22userId%22%3A%22mfu0rylm6prawcdvn4c%22%7D%7D
Sun Sep 21 2025 13:17:15 GMT-0500 (Central Daylight Time) GET /api/trpc/scorecard.getRemainingScans?input=%7B%22json%22%3A%7B%22userId%22%3A%22mfu0ryqaqbokd78vsm%22%7D%7D
Sun Sep 21 2025 13:17:15 GMT-0500 (Central Daylight Time) GET /api/trpc/scorecard.getRemainingScans?input=%7B%22json%22%3A%7B%22userId%22%3A%22mfu0ryy50ycywuyrma9%22%7D%7D
Sun Sep 21 2025 13:17:15 GMT-0500 (Central Daylight Time) GET /api/trpc/scorecard.getRemainingScans?input=%7B%22json%22%3A%7B%22userId%22%3A%22mfu0rz3aarlfa8e738n%22%7D%7D
Sun Sep 21 2025 13:17:15 GMT-0500 (Central Daylight Time) GET /api/trpc/scorecard.getRemainingScans?input=%7B%22json%22%3A%7B%22userId%22%3A%22mfu0rz8d7i3qvalsy1a%22%7D%7D
Sun Sep 21 2025 13:17:16 GMT-0500 (Central Daylight Time) GET /api/trpc/scorecard.getRemainingScans?input=%7B%22json%22%3A%7B%22userId%22%3A%22mfu0rzdf6mv5xetboo2%22%7D%7D
Sun Sep 21 2025 13:17:16 GMT-0500 (Central Daylight Time) GET /api/trpc/scorecard.getRemainingScans?input=%7B%22json%22%3A%7B%22userId%22%3A%22mfu0rzikhkvlmp9dle%22%7D%7D
Sun Sep 21 2025 13:17:16 GMT-0500 (Central Daylight Time) GET /api/trpc/scorecard.getRemainingScans?input=%7B%22json%22%3A%7B%22userId%22%3A%22mfu0rznn490s2lbraf8%22%7D%7D
Sun Sep 21 2025 13:17:16 GMT-0500 (Central Daylight Time) GET /api/trpc/scorecard.getRemainingScans?input=%7B%22json%22%3A%7B%22userId%22%3A%22mfu0rzsr3fmi2pfx1in%22%7D%7D
Sun Sep 21 2025 13:17:16 GMT-0500 (Central Daylight Time) GET /api/trpc/scorecard.getRemainingScans?input=%7B%22json%22%3A%7B%22userId%22%3A%22mfu0rzw8ojos8w68eh%22%7D%7D
Sun Sep 21 2025 13:17:16 GMT-0500 (Central Daylight Time) GET /api/trpc/scorecard.getRemainingScans?input=%7B%22json%22%3A%7B%22userId%22%3A%22mfu0s0145h8oejry2d6%22%7D%7D
Sun Sep 21 2025 13:17:17 GMT-0500 (Central Daylight Time) GET /api/trpc/scorecard.getRemainingScans?input=%7B%22json%22%3A%7B%22userId%22%3A%22mfu0s05rp27t7sumrj%22%7D%7D
Sun Sep 21 2025 13:17:17 GMT-0500 (Central Daylight Time) POST /api/upload
Sun Sep 21 2025 13:17:17 GMT-0500 (Central Daylight Time) GET /api/trpc/scorecard.getRemainingScans?input=%7B%22json%22%3A%7B%22userId%22%3A%22mfu0s0a5p6kn0t5yt%22%7D%7D
Sun Sep 21 2025 13:17:17 GMT-0500 (Central Daylight Time) GET /api/trpc/scorecard.getRemainingScans?input=%7B%22json%22%3A%7B%22userId%22%3A%22mfu0s0f0vh1a1xcw0dk%22%7D%7D
Sun Sep 21 2025 13:17:17 GMT-0500 (Central Daylight Time) GET /api/trpc/scorecard.getRemainingScans?input=%7B%22json%22%3A%7B%22userId%22%3A%22mfu0s0jnubmvjpd8ahl%22%7D%7D
Sun Sep 21 2025 13:17:17 GMT-0500 (Central Daylight Time) GET /api/trpc/scorecard.getRemainingScans?input=%7B%22json%22%3A%7B%22userId%22%3A%22mfu0s0oq6hhm6ue2kvj%22%7D%7D
Sun Sep 21 2025 13:17:17 GMT-0500 (Central Daylight Time) GET /api/trpc/scorecard.getRemainingScans?input=%7B%22json%22%3A%7B%22userId%22%3A%22mfu0s0tcq7czqbwxm8%22%7D%7D
Sun Sep 21 2025 13:17:18 GMT-0500 (Central Daylight Time) GET /api/trpc/scorecard.getRemainingScans?input=%7B%22json%22%3A%7B%22userId%22%3A%22mfu0s0wlh1r5yp91lq%22%7D%7D
Sun Sep 21 2025 13:17:18 GMT-0500 (Central Daylight Time) GET /api/trpc/scorecard.getRemainingScans?input=%7B%22json%22%3A%7B%22userId%22%3A%22mfu0s11pxrsk7ffle6%22%7D%7D
Sun Sep 21 2025 13:17:18 GMT-0500 (Central Daylight Time) GET /api/trpc/scorecard.getRemainingScans?input=%7B%22json%22%3A%7B%22userId%22%3A%22mfu0s17sm7gf5lu4rc%22%7D%7D
Sun Sep 21 2025 13:17:18 GMT-0500 (Central Daylight Time) GET /api/trpc/scorecard.getRemainingScans?input=%7B%22json%22%3A%7B%22userId%22%3A%22mfu0s1cvdh5wmvq4tc9%22%7D%7D
Sun Sep 21 2025 13:17:18 GMT-0500 (Central Daylight Time) GET /api/trpc/scorecard.getRemainingScans?input=%7B%22json%22%3A%7B%22userId%22%3A%22mfu0s1hy8eo7u529q9%22%7D%7D
Sun Sep 21 2025 13:17:18 GMT-0500 (Central Daylight Time) POST /api/trpc/scorecard.scanScorecard
Sun Sep 21 2025 13:17:18 GMT-0500 (Central Daylight Time) GET /api/trpc/scorecard.getRemainingScans?input=%7B%22json%22%3A%7B%22userId%22%3A%22mfu0s1j3ezknhmn0m0s%22%7D%7D
Sun Sep 21 2025 13:17:19 GMT-0500 (Central Daylight Time) GET /api/trpc/scorecard.getRemainingScans?input=%7B%22json%22%3A%7B%22userId%22%3A%22mfu0s1r8x317u9yw39%22%7D%7D
Sun Sep 21 2025 13:17:19 GMT-0500 (Central Daylight Time) GET /api/trpc/scorecard.getRemainingScans?input=%7B%22json%22%3A%7B%22userId%22%3A%22mfu0s1ue8y5h3th8u0j%22%7D%7D
Sun Sep 21 2025 13:17:19 GMT-0500 (Central Daylight Time) GET /api/trpc/scorecard.getRemainingScans?input=%7B%22json%22%3A%7B%22userId%22%3A%22mfu0s1z0d5inr84l1h%22%7D%7D
Sun Sep 21 2025 13:17:19 GMT-0500 (Central Daylight Time) GET /api/trpc/scorecard.getRemainingScans?input=%7B%22json%22%3A%7B%22userId%22%3A%22mfu0s23n2g59jdklmfv%22%7D%7D
Sun Sep 21 2025 13:17:19 GMT-0500 (Central Daylight Time) GET /api/trpc/scorecard.getRemainingScans?input=%7B%22json%22%3A%7B%22userId%22%3A%22mfu0s28mcfrg421zkai%22%7D%7D
Sun Sep 21 2025 13:17:19 GMT-0500 (Central Daylight Time) GET /api/trpc/scorecard.getRemainingScans?input=%7B%22json%22%3A%7B%22userId%22%3A%22mfu0s2dde8vfz5xx27m%22%7D%7D
Sun Sep 21 2025 13:17:20 GMT-0500 (Central Daylight Time) GET /api/trpc/scorecard.getRemainingScans?input=%7B%22json%22%3A%7B%22userId%22%3A%22mfu0s2i0at2sgub7n3h%22%7D%7D
Sun Sep 21 2025 13:17:20 GMT-0500 (Central Daylight Time) GET /api/trpc/scorecard.getRemainingScans?input=%7B%22json%22%3A%7B%22userId%22%3A%22mfu0s2mnwng5ww1wi7%22%7D%7D
Sun Sep 21 2025 13:17:20 GMT-0500 (Central Daylight Time) GET /api/trpc/scorecard.getRemainingScans?input=%7B%22json%22%3A%7B%22userId%22%3A%22mfu0s2rc19kzlvo46yp%22%7D%7D
Sun Sep 21 2025 13:17:20 GMT-0500 (Central Daylight Time) GET /api/trpc/scorecard.getRemainingScans?input=%7B%22json%22%3A%7B%22userId%22%3A%22mfu0s2wdimtncwcqojk%22%7D%7D
Sun Sep 21 2025 13:17:20 GMT-0500 (Central Daylight Time) GET /api/trpc/scorecard.getRemainingScans?input=%7B%22json%22%3A%7B%22userId%22%3A%22mfu0s311igzmdp854mq%22%7D%7D
Sun Sep 21 2025 13:17:20 GMT-0500 (Central Daylight Time) GET /api/trpc/scorecard.getRemainingScans?input=%7B%22json%22%3A%7B%22userId%22%3A%22mfu0s365b08yvy7zwin%22%7D%7D
Sun Sep 21 2025 13:17:21 GMT-0500 (Central Daylight Time) GET /api/trpc/scorecard.getRemainingScans?input=%7B%22json%22%3A%7B%22userId%22%3A%22mfu0s3b9jawlqccx67n%22%7D%7D
Sun Sep 21 2025 13:17:21 GMT-0500 (Central Daylight Time) GET /api/trpc/scorecard.getRemainingScans?input=%7B%22json%22%3A%7B%22userId%22%3A%22mfu0s3g8v0rm37sovv%22%7D%7D
Sun Sep 21 2025 13:17:21 GMT-0500 (Central Daylight Time) GET /api/trpc/scorecard.getRemainingScans?input=%7B%22json%22%3A%7B%22userId%22%3A%22mfu0s3ktcqbepqjt52d%22%7D%7D
Sun Sep 21 2025 13:17:21 GMT-0500 (Central Daylight Time) GET /api/trpc/scorecard.getRemainingScans?input=%7B%22json%22%3A%7B%22userId%22%3A%22mfu0s3pi1zakas1toxtg%22%7D%7D
Sun Sep 21 2025 13:17:21 GMT-0500 (Central Daylight Time) GET /api/trpc/scorecard.getRemainingScans?input=%7B%22json%22%3A%7B%22userId%22%3A%22mfu0s3ullpds5q14abb%22%7D%7D
Sun Sep 21 2025 13:17:22 GMT-0500 (Central Daylight Time) GET /api/trpc/scorecard.getRemainingScans?input=%7B%22json%22%3A%7B%22userId%22%3A%22mfu0s3yczck8zbu44cj%22%7D%7D
Sun Sep 21 2025 13:17:22 GMT-0500 (Central Daylight Time) GET /api/trpc/scorecard.getRemainingScans?input=%7B%22json%22%3A%7B%22userId%22%3A%22mfu0s43ilrzwzww05x%22%7D%7D
Sun Sep 21 2025 13:17:22 GMT-0500 (Central Daylight Time) GET /api/trpc/scorecard.getRemainingScans?input=%7B%22json%22%3A%7B%22userId%22%3A%22mfu0s48l0qhzm0abem1%22%7D%7D
Sun Sep 21 2025 13:17:22 GMT-0500 (Central Daylight Time) GET /api/trpc/scorecard.getRemainingScans?input=%7B%22json%22%3A%7B%22userId%22%3A%22mfu0s4do5xno0b3fscp%22%7D%7D
Sun Sep 21 2025 13:17:22 GMT-0500 (Central Daylight Time) GET /api/trpc/scorecard.getRemainingScans?input=%7B%22json%22%3A%7B%22userId%22%3A%22mfu0s4islz442r5eqdj%22%7D%7D
Sun Sep 21 2025 13:17:22 GMT-0500 (Central Daylight Time) GET /api/trpc/scorecard.getRemainingScans?input=%7B%22json%22%3A%7B%22userId%22%3A%22mfu0s4nvdsohv8bc3s%22%7D%7D
Sun Sep 21 2025 13:17:23 GMT-0500 (Central Daylight Time) GET /api/trpc/scorecard.getRemainingScans?input=%7B%22json%22%3A%7B%22userId%22%3A%22mfu0s4syu7hu7psi0a%22%7D%7D
Sun Sep 21 2025 13:17:23 GMT-0500 (Central Daylight Time) GET /api/trpc/scorecard.getRemainingScans?input=%7B%22json%22%3A%7B%22userId%22%3A%22mfu0s4y22k6a20qfjph%22%7D%7D
Sun Sep 21 2025 13:17:23 GMT-0500 (Central Daylight Time) GET /api/trpc/scorecard.getRemainingScans?input=%7B%22json%22%3A%7B%22userId%22%3A%22mfu0s535bza218x2eam%22%7D%7D
Sun Sep 21 2025 13:17:23 GMT-0500 (Central Daylight Time) GET /api/trpc/scorecard.getRemainingScans?input=%7B%22json%22%3A%7B%22userId%22%3A%22mfu0s588fz1bk8zkf0p%22%7D%7D
Sun Sep 21 2025 13:17:23 GMT-0500 (Central Daylight Time) GET /api/trpc/scorecard.getRemainingScans?input=%7B%22json%22%3A%7B%22userId%22%3A%22mfu0s5dfqd87ma76pgi%22%7D%7D
Sun Sep 21 2025 13:17:24 GMT-0500 (Central Daylight Time) GET /api/trpc/scorecard.getRemainingScans?input=%7B%22json%22%3A%7B%22userId%22%3A%22mfu0s5izr35wynyx6b%22%7D%7D
Sun Sep 21 2025 13:17:24 GMT-0500 (Central Daylight Time) GET /api/trpc/scorecard.getRemainingScans?input=%7B%22json%22%3A%7B%22userId%22%3A%22mfu0s5nzaef2lk96rxq%22%7D%7D
Sun Sep 21 2025 13:17:24 GMT-0500 (Central Daylight Time) GET /api/trpc/scorecard.getRemainingScans?input=%7B%22json%22%3A%7B%22userId%22%3A%22mfu0s5ucgo4msaepn0w%22%7D%7D
Sun Sep 21 2025 13:17:24 GMT-0500 (Central Daylight Time) GET /api/trpc/scorecard.getRemainingScans?input=%7B%22json%22%3A%7B%22userId%22%3A%22mfu0s5yjh4bxd7mysnt%22%7D%7D
Sun Sep 21 2025 13:17:24 GMT-0500 (Central Daylight Time) GET /api/trpc/scorecard.getRemainingScans?input=%7B%22json%22%3A%7B%22userId%22%3A%22mfu0s6374p4tzrw7fue%22%7D%7D
Sun Sep 21 2025 13:17:24 GMT-0500 (Central Daylight Time) GET /api/trpc/scorecard.getRemainingScans?input=%7B%22json%22%3A%7B%22userId%22%3A%22mfu0s68aej5oc03ba34%22%7D%7D
Sun Sep 21 2025 13:17:25 GMT-0500 (Central Daylight Time) GET /api/trpc/scorecard.getRemainingScans?input=%7B%22json%22%3A%7B%22userId%22%3A%22mfu0s6desydoz9vfgna%22%7D%7D
Sun Sep 21 2025 13:17:25 GMT-0500 (Central Daylight Time) GET /api/trpc/scorecard.getRemainingScans?input=%7B%22json%22%3A%7B%22userId%22%3A%22mfu0s6i140qrsbwtwtb%22%7D%7D
Sun Sep 21 2025 13:17:25 GMT-0500 (Central Daylight Time) GET /api/trpc/scorecard.getRemainingScans?input=%7B%22json%22%3A%7B%22userId%22%3A%22mfu0s6mkp3qmnup35j%22%7D%7D
Sun Sep 21 2025 13:17:25 GMT-0500 (Central Daylight Time) GET /api/trpc/scorecard.getRemainingScans?input=%7B%22json%22%3A%7B%22userId%22%3A%22mfu0s6rq8p2nxy6ye5d%22%7D%7D
Sun Sep 21 2025 13:17:25 GMT-0500 (Central Daylight Time) GET /api/trpc/scorecard.getRemainingScans?input=%7B%22json%22%3A%7B%22userId%22%3A%22mfu0s6tzj8gtz0qmm9%22%7D%7D
Sun Sep 21 2025 13:17:26 GMT-0500 (Central Daylight Time) GET /api/trpc/scorecard.getRemainingScans?input=%7B%22json%22%3A%7B%22userId%22%3A%22mfu0s72h98afhj4dvng%22%7D%7D
Sun Sep 21 2025 13:17:26 GMT-0500 (Central Daylight Time) GET /api/trpc/scorecard.getRemainingScans?input=%7B%22json%22%3A%7B%22userId%22%3A%22mfu0s77kbg5szhj3cfi%22%7D%7D
Sun Sep 21 2025 13:17:26 GMT-0500 (Central Daylight Time) GET /api/trpc/scorecard.getRemainingScans?input=%7B%22json%22%3A%7B%22userId%22%3A%22mfu0s7clkzb9redo4g%22%7D%7D
Sun Sep 21 2025 13:17:26 GMT-0500 (Central Daylight Time) GET /api/trpc/scorecard.getRemainingScans?input=%7B%22json%22%3A%7B%22userId%22%3A%22mfu0s7h71h9v5v1vh39%22%7D%7D
Sun Sep 21 2025 13:17:26 GMT-0500 (Central Daylight Time) GET /api/trpc/scorecard.getRemainingScans?input=%7B%22json%22%3A%7B%22userId%22%3A%22mfu0s7lubqs62x2ewgh%22%7D%7D
Sun Sep 21 2025 13:17:26 GMT-0500 (Central Daylight Time) GET /api/trpc/scorecard.getRemainingScans?input=%7B%22json%22%3A%7B%22userId%22%3A%22mfu0s7qhhgavjwgwhwk%22%7D%7D
Sun Sep 21 2025 13:17:27 GMT-0500 (Central Daylight Time) GET /api/trpc/scorecard.getRemainingScans?input=%7B%22json%22%3A%7B%22userId%22%3A%22mfu0s7v3cilujyf41t8%22%7D%7D
Sun Sep 21 2025 13:17:27 GMT-0500 (Central Daylight Time) GET /api/trpc/scorecard.getRemainingScans?input=%7B%22json%22%3A%7B%22userId%22%3A%22mfu0s7zq1vxiafn70z3%22%7D%7D
Sun Sep 21 2025 13:17:27 GMT-0500 (Central Daylight Time) GET /api/trpc/scorecard.getRemainingScans?input=%7B%22json%22%3A%7B%22userId%22%3A%22mfu0s84ugedbwzp1xwc%22%7D%7D
Sun Sep 21 2025 13:17:27 GMT-0500 (Central Daylight Time) GET /api/trpc/scorecard.getRemainingScans?input=%7B%22json%22%3A%7B%22userId%22%3A%22mfu0s89gq2c022xnx7b%22%7D%7D
Sun Sep 21 2025 13:17:27 GMT-0500 (Central Daylight Time) GET /api/trpc/scorecard.getRemainingScans?input=%7B%22json%22%3A%7B%22userId%22%3A%22mfu0s8gzwjh27exjqr%22%7D%7D
Sun Sep 21 2025 13:17:28 GMT-0500 (Central Daylight Time) GET /api/trpc/scorecard.getRemainingScans?input=%7B%22json%22%3A%7B%22userId%22%3A%22mfu0s8m195fmwyfja7%22%7D%7D
Sun Sep 21 2025 13:17:28 GMT-0500 (Central Daylight Time) GET /api/trpc/scorecard.getRemainingScans?input=%7B%22json%22%3A%7B%22userId%22%3A%22mfu0s8r49qwapdqzuo5%22%7D%7D
Sun Sep 21 2025 13:17:28 GMT-0500 (Central Daylight Time) GET /api/trpc/scorecard.getRemainingScans?input=%7B%22json%22%3A%7B%22userId%22%3A%22mfu0s8w75x5twlz5dmj%22%7D%7D
Sun Sep 21 2025 13:17:28 GMT-0500 (Central Daylight Time) GET /api/trpc/scorecard.getRemainingScans?input=%7B%22json%22%3A%7B%22userId%22%3A%22mfu0s91becp2mgzjlw%22%7D%7D
Sun Sep 21 2025 13:17:28 GMT-0500 (Central Daylight Time) GET /api/trpc/scorecard.getRemainingScans?input=%7B%22json%22%3A%7B%22userId%22%3A%22mfu0s96f2cj8thn2y1%22%7D%7D
Sun Sep 21 2025 13:17:28 GMT-0500 (Central Daylight Time) GET /api/trpc/scorecard.getRemainingScans?input=%7B%22json%22%3A%7B%22userId%22%3A%22mfu0s9bi24jhawo90jc%22%7D%7D
Sun Sep 21 2025 13:17:29 GMT-0500 (Central Daylight Time) GET /api/trpc/scorecard.getRemainingScans?input=%7B%22json%22%3A%7B%22userId%22%3A%22mfu0s9glxp3ybttwtx8%22%7D%7D
Sun Sep 21 2025 13:17:29 GMT-0500 (Central Daylight Time) GET /api/trpc/scorecard.getRemainingScans?input=%7B%22json%22%3A%7B%22userId%22%3A%22mfu0s9lo0qzj2tnariml%22%7D%7D
Sun Sep 21 2025 13:17:29 GMT-0500 (Central Daylight Time) GET /api/trpc/scorecard.getRemainingScans?input=%7B%22json%22%3A%7B%22userId%22%3A%22mfu0s9qvv3rccnlptq%22%7D%7D
Sun Sep 21 2025 13:17:29 GMT-0500 (Central Daylight Time) GET /api/trpc/scorecard.getRemainingScans?input=%7B%22json%22%3A%7B%22userId%22%3A%22mfu0s9vvaxwrkeg8f2%22%7D%7D
Sun Sep 21 2025 13:17:29 GMT-0500 (Central Daylight Time) GET /api/trpc/scorecard.getRemainingScans?input=%7B%22json%22%3A%7B%22userId%22%3A%22mfu0sa0y3482ngfv6ew%22%7D%7D
Sun Sep 21 2025 13:17:30 GMT-0500 (Central Daylight Time) GET /api/trpc/scorecard.getRemainingScans?input=%7B%22json%22%3A%7B%22userId%22%3A%22mfu0sa6j366jmr0eewd%22%7D%7D
Sun Sep 21 2025 13:17:30 GMT-0500 (Central Daylight Time) GET /api/trpc/scorecard.getRemainingScans?input=%7B%22json%22%3A%7B%22userId%22%3A%22mfu0sac3ct9mwccoq6v%22%7D%7D
Sun Sep 21 2025 13:17:30 GMT-0500 (Central Daylight Time) GET /api/trpc/scorecard.getRemainingScans?input=%7B%22json%22%3A%7B%22userId%22%3A%22mfu0sah66q49u2da6tu%22%7D%7D
Sun Sep 21 2025 13:17:30 GMT-0500 (Central Daylight Time) GET /api/trpc/scorecard.getRemainingScans?input=%7B%22json%22%3A%7B%22userId%22%3A%22mfu0sam9ads5mhn7p15%22%7D%7D
Sun Sep 21 2025 13:17:30 GMT-0500 (Central Daylight Time) GET /api/trpc/scorecard.getRemainingScans?input=%7B%22json%22%3A%7B%22userId%22%3A%22mfu0sardc11euvc8j5%22%7D%7D
Sun Sep 21 2025 13:17:31 GMT-0500 (Central Daylight Time) GET /api/trpc/scorecard.getRemainingScans?input=%7B%22json%22%3A%7B%22userId%22%3A%22mfu0sawg4nanunnpflj%22%7D%7D
Sun Sep 21 2025 13:17:31 GMT-0500 (Central Daylight Time) GET /api/trpc/scorecard.getRemainingScans?input=%7B%22json%22%3A%7B%22userId%22%3A%22mfu0sb1hwwjxh3yhdva%22%7D%7D
Sun Sep 21 2025 13:17:31 GMT-0500 (Central Daylight Time) GET /api/trpc/scorecard.getRemainingScans?input=%7B%22json%22%3A%7B%22userId%22%3A%22mfu0sb6kgkp8setaii4%22%7D%7D
Sun Sep 21 2025 13:17:31 GMT-0500 (Central Daylight Time) GET /api/trpc/scorecard.getRemainingScans?input=%7B%22json%22%3A%7B%22userId%22%3A%22mfu0sbb7uyew2frs4c%22%7D%7D
Sun Sep 21 2025 13:17:31 GMT-0500 (Central Daylight Time) GET /api/trpc/scorecard.getRemainingScans?input=%7B%22json%22%3A%7B%22userId%22%3A%22mfu0sbfu8qo5icizsfc%22%7D%7D
Sun Sep 21 2025 13:17:31 GMT-0500 (Central Daylight Time) GET /api/trpc/scorecard.getRemainingScans?input=%7B%22json%22%3A%7B%22userId%22%3A%22mfu0sbkzxza9iz4ara%22%7D%7D
Sun Sep 21 2025 13:17:32 GMT-0500 (Central Daylight Time) GET /api/trpc/scorecard.getRemainingScans?input=%7B%22json%22%3A%7B%22userId%22%3A%22mfu0sbq26lb39eeifmf%22%7D%7D
Sun Sep 21 2025 13:17:32 GMT-0500 (Central Daylight Time) GET /api/trpc/scorecard.getRemainingScans?input=%7B%22json%22%3A%7B%22userId%22%3A%22mfu0sbvab5wejk8hbtk%22%7D%7D
Sun Sep 21 2025 13:17:32 GMT-0500 (Central Daylight Time) GET /api/trpc/scorecard.getRemainingScans?input=%7B%22json%22%3A%7B%22userId%22%3A%22mfu0sc09gquksasvdri%22%7D%7D
Sun Sep 21 2025 13:17:32 GMT-0500 (Central Daylight Time) GET /api/trpc/scorecard.getRemainingScans?input=%7B%22json%22%3A%7B%22userId%22%3A%22mfu0sc1dru6oliof94i%22%7D%7D
Sun Sep 21 2025 13:17:32 GMT-0500 (Central Daylight Time) GET /api/trpc/scorecard.getRemainingScans?input=%7B%22json%22%3A%7B%22userId%22%3A%22mfu0sc5su8kf02dm8jg%22%7D%7D
Sun Sep 21 2025 13:17:32 GMT-0500 (Central Daylight Time) GET /api/trpc/scorecard.getRemainingScans?input=%7B%22json%22%3A%7B%22userId%22%3A%22mfu0scae9d83vszgr3e%22%7D%7D
Sun Sep 21 2025 13:17:32 GMT-0500 (Central Daylight Time) GET /api/trpc/scorecard.getRemainingScans?input=%7B%22json%22%3A%7B%22userId%22%3A%22mfu0scf15y1g09jcc62%22%7D%7D
Sun Sep 21 2025 13:17:33 GMT-0500 (Central Daylight Time) GET /api/trpc/scorecard.getRemainingScans?input=%7B%22json%22%3A%7B%22userId%22%3A%22mfu0scjn3ayujof5fcn%22%7D%7D
Sun Sep 21 2025 13:17:33 GMT-0500 (Central Daylight Time) GET /api/trpc/scorecard.getRemainingScans?input=%7B%22json%22%3A%7B%22userId%22%3A%22mfu0scoazjqo7g3n7z%22%7D%7D
Sun Sep 21 2025 13:17:33 GMT-0500 (Central Daylight Time) GET /api/trpc/scorecard.getRemainingScans?input=%7B%22json%22%3A%7B%22userId%22%3A%22mfu0scsxof65iw3hi6p%22%7D%7D
Sun Sep 21 2025 13:17:33 GMT-0500 (Central Daylight Time) GET /api/trpc/scorecard.getRemainingScans?input=%7B%22json%22%3A%7B%22userId%22%3A%22mfu0scxj91ipuhs3k4b%22%7D%7D
Sun Sep 21 2025 13:17:33 GMT-0500 (Central Daylight Time) GET /api/trpc/scorecard.getRemainingScans?input=%7B%22json%22%3A%7B%22userId%22%3A%22mfu0sd26p0c2hi6891h%22%7D%7D
Sun Sep 21 2025 13:17:33 GMT-0500 (Central Daylight Time) GET /api/trpc/scorecard.getRemainingScans?input=%7B%22json%22%3A%7B%22userId%22%3A%22mfu0sd6tte1npfj0bi%22%7D%7D
Sun Sep 21 2025 13:17:34 GMT-0500 (Central Daylight Time) GET /api/trpc/scorecard.getRemainingScans?input=%7B%22json%22%3A%7B%22userId%22%3A%22mfu0sdbe1yp5tnuevsx%22%7D%7D
Sun Sep 21 2025 13:17:34 GMT-0500 (Central Daylight Time) GET /api/trpc/scorecard.getRemainingScans?input=%7B%22json%22%3A%7B%22userId%22%3A%22mfu0sdg2u5pzvdz2av%22%7D%7D
Sun Sep 21 2025 13:17:34 GMT-0500 (Central Daylight Time) GET /api/trpc/scorecard.getRemainingScans?input=%7B%22json%22%3A%7B%22userId%22%3A%22mfu0sdkq20naomu4tmu%22%7D%7D
Sun Sep 21 2025 13:17:34 GMT-0500 (Central Daylight Time) GET /api/trpc/scorecard.getRemainingScans?input=%7B%22json%22%3A%7B%22userId%22%3A%22mfu0sdpsl6nhrc9eeh%22%7D%7D
Sun Sep 21 2025 13:17:34 GMT-0500 (Central Daylight Time) GET /api/trpc/scorecard.getRemainingScans?input=%7B%22json%22%3A%7B%22userId%22%3A%22mfu0sdu0hsb2wrxriv%22%7D%7D
Sun Sep 21 2025 13:17:34 GMT-0500 (Central Daylight Time) GET /api/trpc/scorecard.getRemainingScans?input=%7B%22json%22%3A%7B%22userId%22%3A%22mfu0sdz224ppt7tt3yu%22%7D%7D
Sun Sep 21 2025 13:17:35 GMT-0500 (Central Daylight Time) GET /api/trpc/scorecard.getRemainingScans?input=%7B%22json%22%3A%7B%22userId%22%3A%22mfu0se45y1v04ckod3%22%7D%7D
Sun Sep 21 2025 13:17:35 GMT-0500 (Central Daylight Time) GET /api/trpc/scorecard.getRemainingScans?input=%7B%22json%22%3A%7B%22userId%22%3A%22mfu0se8sz3t4mlsdfzc%22%7D%7D
Sun Sep 21 2025 13:17:35 GMT-0500 (Central Daylight Time) GET /api/trpc/scorecard.getRemainingScans?input=%7B%22json%22%3A%7B%22userId%22%3A%22mfu0sede9a4981emp2%22%7D%7D
Sun Sep 21 2025 13:17:35 GMT-0500 (Central Daylight Time) GET /api/trpc/scorecard.getRemainingScans?input=%7B%22json%22%3A%7B%22userId%22%3A%22mfu0sei1rj4hauk1sq%22%7D%7D
Sun Sep 21 2025 13:17:35 GMT-0500 (Central Daylight Time) GET /api/trpc/scorecard.getRemainingScans?input=%7B%22json%22%3A%7B%22userId%22%3A%22mfu0semolg3mgfrtb4%22%7D%7D
Sun Sep 21 2025 13:17:35 GMT-0500 (Central Daylight Time) GET /api/trpc/scorecard.getRemainingScans?input=%7B%22json%22%3A%7B%22userId%22%3A%22mfu0sera1xpkhflylsp%22%7D%7D
Sun Sep 21 2025 13:17:36 GMT-0500 (Central Daylight Time) GET /api/trpc/scorecard.getRemainingScans?input=%7B%22json%22%3A%7B%22userId%22%3A%22mfu0sevx3azvc6bwrxr%22%7D%7D
Sun Sep 21 2025 13:17:36 GMT-0500 (Central Daylight Time) GET /api/trpc/scorecard.getRemainingScans?input=%7B%22json%22%3A%7B%22userId%22%3A%22mfu0sf0kl52hkvfepw%22%7D%7D
Sun Sep 21 2025 13:17:36 GMT-0500 (Central Daylight Time) GET /api/trpc/scorecard.getRemainingScans?input=%7B%22json%22%3A%7B%22userId%22%3A%22mfu0sf566wxwap1o4x3%22%7D%7D
Sun Sep 21 2025 13:17:36 GMT-0500 (Central Daylight Time) GET /api/trpc/scorecard.getRemainingScans?input=%7B%22json%22%3A%7B%22userId%22%3A%22mfu0sf9tgm7hkct5ijf%22%7D%7D
Sun Sep 21 2025 13:17:36 GMT-0500 (Central Daylight Time) GET /api/trpc/scorecard.getRemainingScans?input=%7B%22json%22%3A%7B%22userId%22%3A%22mfu0sfegs3k7fesbc5%22%7D%7D
Sun Sep 21 2025 13:17:36 GMT-0500 (Central Daylight Time) GET /api/trpc/scorecard.getRemainingScans?input=%7B%22json%22%3A%7B%22userId%22%3A%22mfu0sfj2rpi720bu26e%22%7D%7D
Sun Sep 21 2025 13:17:37 GMT-0500 (Central Daylight Time) GET /api/trpc/scorecard.getRemainingScans?input=%7B%22json%22%3A%7B%22userId%22%3A%22mfu0sfnp4wx07qcwh69%22%7D%7D
Sun Sep 21 2025 13:17:37 GMT-0500 (Central Daylight Time) GET /api/trpc/scorecard.getRemainingScans?input=%7B%22json%22%3A%7B%22userId%22%3A%22mfu0sfrfpfrrsj4yiso%22%7D%7D
Sun Sep 21 2025 13:17:37 GMT-0500 (Central Daylight Time) GET /api/trpc/scorecard.getRemainingScans?input=%7B%22json%22%3A%7B%22userId%22%3A%22mfu0sfwiwgnslpvfql%22%7D%7D
Sun Sep 21 2025 13:17:37 GMT-0500 (Central Daylight Time) GET /api/trpc/scorecard.getRemainingScans?input=%7B%22json%22%3A%7B%22userId%22%3A%22mfu0sg154ez5c99exw7%22%7D%7D
Sun Sep 21 2025 13:17:37 GMT-0500 (Central Daylight Time) GET /api/trpc/scorecard.getRemainingScans?input=%7B%22json%22%3A%7B%22userId%22%3A%22mfu0sg5s7ey4oz0octt%22%7D%7D
Sun Sep 21 2025 13:17:37 GMT-0500 (Central Daylight Time) GET /api/trpc/scorecard.getRemainingScans?input=%7B%22json%22%3A%7B%22userId%22%3A%22mfu0sgafk37yxpxh0l%22%7D%7D
Sun Sep 21 2025 13:17:38 GMT-0500 (Central Daylight Time) GET /api/trpc/scorecard.getRemainingScans?input=%7B%22json%22%3A%7B%22userId%22%3A%22mfu0sgf2kczgvolxk8%22%7D%7D
Sun Sep 21 2025 13:17:38 GMT-0500 (Central Daylight Time) GET /api/trpc/scorecard.getRemainingScans?input=%7B%22json%22%3A%7B%22userId%22%3A%22mfu0sgk50yakk10jhipi%22%7D%7D
Sun Sep 21 2025 13:17:38 GMT-0500 (Central Daylight Time) GET /api/trpc/scorecard.getRemainingScans?input=%7B%22json%22%3A%7B%22userId%22%3A%22mfu0sgpcf2msj1mg3ft%22%7D%7D
Sun Sep 21 2025 13:17:38 GMT-0500 (Central Daylight Time) GET /api/trpc/scorecard.getRemainingScans?input=%7B%22json%22%3A%7B%22userId%22%3A%22mfu0sgud4tlsmo5r69u%22%7D%7D
Sun Sep 21 2025 13:17:38 GMT-0500 (Central Daylight Time) GET /api/trpc/scorecard.getRemainingScans?input=%7B%22json%22%3A%7B%22userId%22%3A%22mfu0sgzhduwek2n21k6%22%7D%7D
Sun Sep 21 2025 13:17:39 GMT-0500 (Central Daylight Time) GET /api/trpc/scorecard.getRemainingScans?input=%7B%22json%22%3A%7B%22userId%22%3A%22mfu0sh4kdhtub2izidf%22%7D%7D
Sun Sep 21 2025 13:17:39 GMT-0500 (Central Daylight Time) GET /api/trpc/scorecard.getRemainingScans?input=%7B%22json%22%3A%7B%22userId%22%3A%22mfu0sh9o809tkjk7u7j%22%7D%7D
Sun Sep 21 2025 13:17:39 GMT-0500 (Central Daylight Time) GET /api/trpc/scorecard.getRemainingScans?input=%7B%22json%22%3A%7B%22userId%22%3A%22mfu0sheqcihrjmwdkmd%22%7D%7D
Sun Sep 21 2025 13:17:39 GMT-0500 (Central Daylight Time) GET /api/trpc/scorecard.getRemainingScans?input=%7B%22json%22%3A%7B%22userId%22%3A%22mfu0shkbh5jk06rw6d8%22%7D%7D
Sun Sep 21 2025 13:17:39 GMT-0500 (Central Daylight Time) GET /api/trpc/scorecard.getRemainingScans?input=%7B%22json%22%3A%7B%22userId%22%3A%22mfu0shpvbrp5tphvhwp%22%7D%7D
Sun Sep 21 2025 13:17:40 GMT-0500 (Central Daylight Time) GET /api/trpc/scorecard.getRemainingScans?input=%7B%22json%22%3A%7B%22userId%22%3A%22mfu0shuy1p24zf2erxv%22%7D%7D
Sun Sep 21 2025 13:17:40 GMT-0500 (Central Daylight Time) GET /api/trpc/scorecard.getRemainingScans?input=%7B%22json%22%3A%7B%22userId%22%3A%22mfu0shvzrca49y8y16p%22%7D%7D
Sun Sep 21 2025 13:17:40 GMT-0500 (Central Daylight Time) GET /api/trpc/scorecard.getRemainingScans?input=%7B%22json%22%3A%7B%22userId%22%3A%22mfu0si48w2bxf384dd%22%7D%7D
Sun Sep 21 2025 13:17:40 GMT-0500 (Central Daylight Time) GET /api/trpc/scorecard.getRemainingScans?input=%7B%22json%22%3A%7B%22userId%22%3A%22mfu0si9b8qmkc0tpcpv%22%7D%7D
Sun Sep 21 2025 13:17:40 GMT-0500 (Central Daylight Time) GET /api/trpc/scorecard.getRemainingScans?input=%7B%22json%22%3A%7B%22userId%22%3A%22mfu0sieeq7e496886s%22%7D%7D
Sun Sep 21 2025 13:17:40 GMT-0500 (Central Daylight Time) GET /api/trpc/scorecard.getRemainingScans?input=%7B%22json%22%3A%7B%22userId%22%3A%22mfu0sijhmprsiejtdxh%22%7D%7D
Sun Sep 21 2025 13:17:41 GMT-0500 (Central Daylight Time) GET /api/trpc/scorecard.getRemainingScans?input=%7B%22json%22%3A%7B%22userId%22%3A%22mfu0sioonos3fssy8v%22%7D%7D
Sun Sep 21 2025 13:17:41 GMT-0500 (Central Daylight Time) GET /api/trpc/scorecard.getRemainingScans?input=%7B%22json%22%3A%7B%22userId%22%3A%22mfu0sito49zkybig2tj%22%7D%7D
Sun Sep 21 2025 13:17:41 GMT-0500 (Central Daylight Time) GET /api/trpc/scorecard.getRemainingScans?input=%7B%22json%22%3A%7B%22userId%22%3A%22mfu0siyseeyw6jzim1g%22%7D%7D
Sun Sep 21 2025 13:17:41 GMT-0500 (Central Daylight Time) GET /api/trpc/scorecard.getRemainingScans?input=%7B%22json%22%3A%7B%22userId%22%3A%22mfu0sj3vsu551elew3%22%7D%7D
Sun Sep 21 2025 13:17:41 GMT-0500 (Central Daylight Time) GET /api/trpc/scorecard.getRemainingScans?input=%7B%22json%22%3A%7B%22userId%22%3A%22mfu0sj8z0y820kym6rqb%22%7D%7D
Sun Sep 21 2025 13:17:42 GMT-0500 (Central Daylight Time) GET /api/trpc/scorecard.getRemainingScans?input=%7B%22json%22%3A%7B%22userId%22%3A%22mfu0sje2iuz9oe2kg%22%7D%7D
Sun Sep 21 2025 13:17:42 GMT-0500 (Central Daylight Time) GET /api/trpc/scorecard.getRemainingScans?input=%7B%22json%22%3A%7B%22userId%22%3A%22mfu0sjj51ko3mh08i8c%22%7D%7D
Sun Sep 21 2025 13:17:42 GMT-0500 (Central Daylight Time) GET /api/trpc/scorecard.getRemainingScans?input=%7B%22json%22%3A%7B%22userId%22%3A%22mfu0sjo93h87hgvnqy8%22%7D%7D
Sun Sep 21 2025 13:17:42 GMT-0500 (Central Daylight Time) GET /api/trpc/scorecard.getRemainingScans?input=%7B%22json%22%3A%7B%22userId%22%3A%22mfu0sjtctlwrsbm35pq%22%7D%7D
Sun Sep 21 2025 13:17:42 GMT-0500 (Central Daylight Time) GET /api/trpc/scorecard.getRemainingScans?input=%7B%22json%22%3A%7B%22userId%22%3A%22mfu0sjyfzcoafk6dgki%22%7D%7D
Sun Sep 21 2025 13:17:42 GMT-0500 (Central Daylight Time) GET /api/trpc/scorecard.getRemainingScans?input=%7B%22json%22%3A%7B%22userId%22%3A%22mfu0sk3f88tkjjcxfvq%22%7D%7D
Sun Sep 21 2025 13:17:43 GMT-0500 (Central Daylight Time) GET /api/trpc/scorecard.getRemainingScans?input=%7B%22json%22%3A%7B%22userId%22%3A%22mfu0sk8j3hhbog2yuwu%22%7D%7D
Sun Sep 21 2025 13:17:43 GMT-0500 (Central Daylight Time) GET /api/trpc/scorecard.getRemainingScans?input=%7B%22json%22%3A%7B%22userId%22%3A%22mfu0ske9pp4azbhavxc%22%7D%7D
Sun Sep 21 2025 13:17:43 GMT-0500 (Central Daylight Time) GET /api/trpc/scorecard.getRemainingScans?input=%7B%22json%22%3A%7B%22userId%22%3A%22mfu0skjnrl7gkshz43%22%7D%7D
Sun Sep 21 2025 13:17:43 GMT-0500 (Central Daylight Time) GET /api/trpc/scorecard.getRemainingScans?input=%7B%22json%22%3A%7B%22userId%22%3A%22mfu0skopehynh948zrk%22%7D%7D
Sun Sep 21 2025 13:17:43 GMT-0500 (Central Daylight Time) GET /api/trpc/scorecard.getRemainingScans?input=%7B%22json%22%3A%7B%22userId%22%3A%22mfu0sktt31dvzxxvbfg%22%7D%7D
Sun Sep 21 2025 13:17:44 GMT-0500 (Central Daylight Time) GET /api/trpc/scorecard.getRemainingScans?input=%7B%22json%22%3A%7B%22userId%22%3A%22mfu0skyxzbrveupbmz9%22%7D%7D
Sun Sep 21 2025 13:17:44 GMT-0500 (Central Daylight Time) GET /api/trpc/scorecard.getRemainingScans?input=%7B%22json%22%3A%7B%22userId%22%3A%22mfu0sl3zby64awoamow%22%7D%7D
Sun Sep 21 2025 13:17:44 GMT-0500 (Central Daylight Time) GET /api/trpc/scorecard.getRemainingScans?input=%7B%22json%22%3A%7B%22userId%22%3A%22mfu0sl9224tgxjx5idx%22%7D%7D
Sun Sep 21 2025 13:17:44 GMT-0500 (Central Daylight Time) GET /api/trpc/scorecard.getRemainingScans?input=%7B%22json%22%3A%7B%22userId%22%3A%22mfu0sleq6cwttmc8knt%22%7D%7D
Sun Sep 21 2025 13:17:44 GMT-0500 (Central Daylight Time) GET /api/trpc/scorecard.getRemainingScans?input=%7B%22json%22%3A%7B%22userId%22%3A%22mfu0slfeh3jqft92sem%22%7D%7D
Sun Sep 21 2025 13:17:44 GMT-0500 (Central Daylight Time) GET /api/trpc/scorecard.getRemainingScans?input=%7B%22json%22%3A%7B%22userId%22%3A%22mfu0slk5dg4zjknl9hv%22%7D%7D
Sun Sep 21 2025 13:17:44 GMT-0500 (Central Daylight Time) GET /api/trpc/scorecard.getRemainingScans?input=%7B%22json%22%3A%7B%22userId%22%3A%22mfu0slp3rq8j2504xv%22%7D%7D
Sun Sep 21 2025 13:17:45 GMT-0500 (Central Daylight Time) GET /api/trpc/scorecard.getRemainingScans?input=%7B%22json%22%3A%7B%22userId%22%3A%22mfu0slu6hmg2din97e%22%7D%7D
Sun Sep 21 2025 13:17:45 GMT-0500 (Central Daylight Time) GET /api/trpc/scorecard.getRemainingScans?input=%7B%22json%22%3A%7B%22userId%22%3A%22mfu0slz99723t1gqz99%22%7D%7D
Sun Sep 21 2025 13:17:45 GMT-0500 (Central Daylight Time) GET /api/trpc/scorecard.getRemainingScans?input=%7B%22json%22%3A%7B%22userId%22%3A%22mfu0sm4dndbivap32%22%7D%7D
Sun Sep 21 2025 13:17:45 GMT-0500 (Central Daylight Time) GET /api/trpc/scorecard.getRemainingScans?input=%7B%22json%22%3A%7B%22userId%22%3A%22mfu0smgv77bxoc227p%22%7D%7D
Sun Sep 21 2025 13:17:46 GMT-0500 (Central Daylight Time) GET /api/trpc/scorecard.getRemainingScans?input=%7B%22json%22%3A%7B%22userId%22%3A%22mfu0smntgefi211ttz%22%7D%7D
Sun Sep 21 2025 13:17:46 GMT-0500 (Central Daylight Time) GET /api/trpc/scorecard.getRemainingScans?input=%7B%22json%22%3A%7B%22userId%22%3A%22mfu0smswnh50g29o0k%22%7D%7D
Sun Sep 21 2025 13:17:46 GMT-0500 (Central Daylight Time) GET /api/trpc/scorecard.getRemainingScans?input=%7B%22json%22%3A%7B%22userId%22%3A%22mfu0smy0cztyomq7mfq%22%7D%7D
Sun Sep 21 2025 13:17:46 GMT-0500 (Central Daylight Time) GET /api/trpc/scorecard.getRemainingScans?input=%7B%22json%22%3A%7B%22userId%22%3A%22mfu0sn32pwdfkkcnk8%22%7D%7D
Sun Sep 21 2025 13:17:46 GMT-0500 (Central Daylight Time) GET /api/trpc/scorecard.getRemainingScans?input=%7B%22json%22%3A%7B%22userId%22%3A%22mfu0sn7w6wh5gplfk4%22%7D%7D
Sun Sep 21 2025 13:17:47 GMT-0500 (Central Daylight Time) GET /api/trpc/scorecard.getRemainingScans?input=%7B%22json%22%3A%7B%22userId%22%3A%22mfu0snctd4gz66hmwi4%22%7D%7D
Sun Sep 21 2025 13:17:47 GMT-0500 (Central Daylight Time) GET /api/trpc/scorecard.getRemainingScans?input=%7B%22json%22%3A%7B%22userId%22%3A%22mfu0snhwiwlb240j2vb%22%7D%7D
Sun Sep 21 2025 13:17:47 GMT-0500 (Central Daylight Time) GET /api/trpc/scorecard.getRemainingScans?input=%7B%22json%22%3A%7B%22userId%22%3A%22mfu0snmzekdekl9w3yt%22%7D%7D
Sun Sep 21 2025 13:17:47 GMT-0500 (Central Daylight Time) GET /api/trpc/scorecard.getRemainingScans?input=%7B%22json%22%3A%7B%22userId%22%3A%22mfu0sns35jsmfvfdv05%22%7D%7D
Sun Sep 21 2025 13:17:47 GMT-0500 (Central Daylight Time) GET /api/trpc/scorecard.getRemainingScans?input=%7B%22json%22%3A%7B%22userId%22%3A%22mfu0snx6bflqw2bmrut%22%7D%7D
Sun Sep 21 2025 13:17:48 GMT-0500 (Central Daylight Time) GET /api/trpc/scorecard.getRemainingScans?input=%7B%22json%22%3A%7B%22userId%22%3A%22mfu0so2a833q3xjmb1a%22%7D%7D
Sun Sep 21 2025 13:17:48 GMT-0500 (Central Daylight Time) GET /api/trpc/scorecard.getRemainingScans?input=%7B%22json%22%3A%7B%22userId%22%3A%22mfu0so7d880vs7h7lwk%22%7D%7D
Sun Sep 21 2025 13:17:48 GMT-0500 (Central Daylight Time) GET /api/trpc/scorecard.getRemainingScans?input=%7B%22json%22%3A%7B%22userId%22%3A%22mfu0socgndeiu0s24in%22%7D%7D
Sun Sep 21 2025 13:17:48 GMT-0500 (Central Daylight Time) GET /api/trpc/scorecard.getRemainingScans?input=%7B%22json%22%3A%7B%22userId%22%3A%22mfu0sohkvr0dfzriu1l%22%7D%7D
Sun Sep 21 2025 13:17:48 GMT-0500 (Central Daylight Time) GET /api/trpc/scorecard.getRemainingScans?input=%7B%22json%22%3A%7B%22userId%22%3A%22mfu0somn1ediwpqxc0b%22%7D%7D
Sun Sep 21 2025 13:17:48 GMT-0500 (Central Daylight Time) GET /api/trpc/scorecard.getRemainingScans?input=%7B%22json%22%3A%7B%22userId%22%3A%22mfu0sorqxsigh2lrm2i%22%7D%7D
Sun Sep 21 2025 13:17:49 GMT-0500 (Central Daylight Time) GET /api/trpc/scorecard.getRemainingScans?input=%7B%22json%22%3A%7B%22userId%22%3A%22mfu0sowu3vnzyr51m4c%22%7D%7D
Sun Sep 21 2025 13:17:49 GMT-0500 (Central Daylight Time) GET /api/trpc/scorecard.getRemainingScans?input=%7B%22json%22%3A%7B%22userId%22%3A%22mfu0sp1xl0tm08wtw8%22%7D%7D
Sun Sep 21 2025 13:17:49 GMT-0500 (Central Daylight Time) GET /api/trpc/scorecard.getRemainingScans?input=%7B%22json%22%3A%7B%22userId%22%3A%22mfu0sp712rbwigii805%22%7D%7D
Sun Sep 21 2025 13:17:49 GMT-0500 (Central Daylight Time) GET /api/trpc/scorecard.getRemainingScans?input=%7B%22json%22%3A%7B%22userId%22%3A%22mfu0spc4aj4duky4sq4%22%7D%7D
Sun Sep 21 2025 13:17:49 GMT-0500 (Central Daylight Time) GET /api/trpc/scorecard.getRemainingScans?input=%7B%22json%22%3A%7B%22userId%22%3A%22mfu0sph841n0jiowxh1%22%7D%7D
Sun Sep 21 2025 13:17:50 GMT-0500 (Central Daylight Time) GET /api/trpc/scorecard.getRemainingScans?input=%7B%22json%22%3A%7B%22userId%22%3A%22mfu0spmbyczr5y3ze4%22%7D%7D
Sun Sep 21 2025 13:17:50 GMT-0500 (Central Daylight Time) GET /api/trpc/scorecard.getRemainingScans?input=%7B%22json%22%3A%7B%22userId%22%3A%22mfu0spre2ygzucrftio%22%7D%7D
Sun Sep 21 2025 13:17:50 GMT-0500 (Central Daylight Time) GET /api/trpc/scorecard.getRemainingScans?input=%7B%22json%22%3A%7B%22userId%22%3A%22mfu0spwh4wnej7wl9t3%22%7D%7D
Sun Sep 21 2025 13:17:50 GMT-0500 (Central Daylight Time) GET /api/trpc/scorecard.getRemainingScans?input=%7B%22json%22%3A%7B%22userId%22%3A%22mfu0sq1kns5t90kmwp%22%7D%7D
Sun Sep 21 2025 13:17:50 GMT-0500 (Central Daylight Time) GET /api/trpc/scorecard.getRemainingScans?input=%7B%22json%22%3A%7B%22userId%22%3A%22mfu0sq6ou299dcazj6k%22%7D%7D
Sun Sep 21 2025 13:17:50 GMT-0500 (Central Daylight Time) GET /api/trpc/scorecard.getRemainingScans?input=%7B%22json%22%3A%7B%22userId%22%3A%22mfu0sqbshhc368u1w4%22%7D%7D
Sun Sep 21 2025 13:17:51 GMT-0500 (Central Daylight Time) GET /api/trpc/scorecard.getRemainingScans?input=%7B%22json%22%3A%7B%22userId%22%3A%22mfu0sqgvsnkima9iuyi%22%7D%7D
Sun Sep 21 2025 13:17:51 GMT-0500 (Central Daylight Time) GET /api/trpc/scorecard.getRemainingScans?input=%7B%22json%22%3A%7B%22userId%22%3A%22mfu0sqly93aox9wgcal%22%7D%7D
Sun Sep 21 2025 13:17:51 GMT-0500 (Central Daylight Time) GET /api/trpc/scorecard.getRemainingScans?input=%7B%22json%22%3A%7B%22userId%22%3A%22mfu0sqr2rdweqtaqors%22%7D%7D
Sun Sep 21 2025 13:17:51 GMT-0500 (Central Daylight Time) GET /api/trpc/scorecard.getRemainingScans?input=%7B%22json%22%3A%7B%22userId%22%3A%22mfu0sqw46e6cm53t58i%22%7D%7D
Sun Sep 21 2025 13:17:51 GMT-0500 (Central Daylight Time) GET /api/trpc/scorecard.getRemainingScans?input=%7B%22json%22%3A%7B%22userId%22%3A%22mfu0sr16ir5otfwz33b%22%7D%7D
Sun Sep 21 2025 13:17:52 GMT-0500 (Central Daylight Time) GET /api/trpc/scorecard.getRemainingScans?input=%7B%22json%22%3A%7B%22userId%22%3A%22mfu0sr5vxwr04ah7ovl%22%7D%7D
Sun Sep 21 2025 13:17:52 GMT-0500 (Central Daylight Time) GET /api/trpc/scorecard.getRemainingScans?input=%7B%22json%22%3A%7B%22userId%22%3A%22mfu0sraz9m3y95bhmzp%22%7D%7D
Sun Sep 21 2025 13:17:52 GMT-0500 (Central Daylight Time) GET /api/trpc/scorecard.getRemainingScans?input=%7B%22json%22%3A%7B%22userId%22%3A%22mfu0srdg82oeovkuzjl%22%7D%7D
Sun Sep 21 2025 13:17:52 GMT-0500 (Central Daylight Time) GET /api/trpc/scorecard.getRemainingScans?input=%7B%22json%22%3A%7B%22userId%22%3A%22mfu0srm34m6g7lslkjx%22%7D%7D
Sun Sep 21 2025 13:17:52 GMT-0500 (Central Daylight Time) GET /api/trpc/scorecard.getRemainingScans?input=%7B%22json%22%3A%7B%22userId%22%3A%22mfu0srr6qaiatohwca9%22%7D%7D
Sun Sep 21 2025 13:17:53 GMT-0500 (Central Daylight Time) GET /api/trpc/scorecard.getRemainingScans?input=%7B%22json%22%3A%7B%22userId%22%3A%22mfu0srw972s1pxdqqwx%22%7D%7D
Sun Sep 21 2025 13:17:53 GMT-0500 (Central Daylight Time) GET /api/trpc/scorecard.getRemainingScans?input=%7B%22json%22%3A%7B%22userId%22%3A%22mfu0ss1d4jg8x70w50p%22%7D%7D
Sun Sep 21 2025 13:17:53 GMT-0500 (Central Daylight Time) GET /api/trpc/scorecard.getRemainingScans?input=%7B%22json%22%3A%7B%22userId%22%3A%22mfu0ss6frq0agoljork%22%7D%7D
Sun Sep 21 2025 13:17:53 GMT-0500 (Central Daylight Time) GET /api/trpc/scorecard.getRemainingScans?input=%7B%22json%22%3A%7B%22userId%22%3A%22mfu0ssbj9tukxpv2sqm%22%7D%7D
Sun Sep 21 2025 13:17:53 GMT-0500 (Central Daylight Time) GET /api/trpc/scorecard.getRemainingScans?input=%7B%22json%22%3A%7B%22userId%22%3A%22mfu0ssglphq50x6fdz%22%7D%7D
Sun Sep 21 2025 13:17:53 GMT-0500 (Central Daylight Time) GET /api/trpc/scorecard.getRemainingScans?input=%7B%22json%22%3A%7B%22userId%22%3A%22mfu0ssld809rz3zkjws%22%7D%7D
Sun Sep 21 2025 13:17:54 GMT-0500 (Central Daylight Time) GET /api/trpc/scorecard.getRemainingScans?input=%7B%22json%22%3A%7B%22userId%22%3A%22mfu0sspvtdh1m1uxvg9%22%7D%7D
Sun Sep 21 2025 13:17:54 GMT-0500 (Central Daylight Time) GET /api/trpc/scorecard.getRemainingScans?input=%7B%22json%22%3A%7B%22userId%22%3A%22mfu0ssu07c9i2kahvn6%22%7D%7D
Sun Sep 21 2025 13:17:54 GMT-0500 (Central Daylight Time) GET /api/trpc/scorecard.getRemainingScans?input=%7B%22json%22%3A%7B%22userId%22%3A%22mfu0ssxyjjbmcn4x51e%22%7D%7D
Sun Sep 21 2025 13:17:54 GMT-0500 (Central Daylight Time) GET /api/trpc/scorecard.getRemainingScans?input=%7B%22json%22%3A%7B%22userId%22%3A%22mfu0st1yxnberw3lumq%22%7D%7D
Sun Sep 21 2025 13:17:54 GMT-0500 (Central Daylight Time) GET /api/trpc/scorecard.getRemainingScans?input=%7B%22json%22%3A%7B%22userId%22%3A%22mfu0st5q5wayhh13lve%22%7D%7D
Sun Sep 21 2025 13:17:54 GMT-0500 (Central Daylight Time) GET /api/trpc/scorecard.getRemainingScans?input=%7B%22json%22%3A%7B%22userId%22%3A%22mfu0st9te3n2lpbxqyj%22%7D%7D
Sun Sep 21 2025 13:17:54 GMT-0500 (Central Daylight Time) GET /api/trpc/scorecard.getRemainingScans?input=%7B%22json%22%3A%7B%22userId%22%3A%22mfu0stdvp0e5tl4ikcg%22%7D%7D
Sun Sep 21 2025 13:17:55 GMT-0500 (Central Daylight Time) GET /api/trpc/scorecard.getRemainingScans?input=%7B%22json%22%3A%7B%22userId%22%3A%22mfu0sthv5xmo01o3ops%22%7D%7D
Sun Sep 21 2025 13:17:55 GMT-0500 (Central Daylight Time) GET /api/trpc/scorecard.getRemainingScans?input=%7B%22json%22%3A%7B%22userId%22%3A%22mfu0stlrrpk53h4zkle%22%7D%7D
Sun Sep 21 2025 13:17:55 GMT-0500 (Central Daylight Time) GET /api/trpc/scorecard.getRemainingScans?input=%7B%22json%22%3A%7B%22userId%22%3A%22mfu0stpyelgpoi96m8%22%7D%7D
Sun Sep 21 2025 13:17:55 GMT-0500 (Central Daylight Time) GET /api/trpc/scorecard.getRemainingScans?input=%7B%22json%22%3A%7B%22userId%22%3A%22mfu0stu12oysi5prt4%22%7D%7D
Sun Sep 21 2025 13:17:55 GMT-0500 (Central Daylight Time) GET /api/trpc/scorecard.getRemainingScans?input=%7B%22json%22%3A%7B%22userId%22%3A%22mfu0stxxgbx6jl7u5qi%22%7D%7D
Sun Sep 21 2025 13:17:55 GMT-0500 (Central Daylight Time) GET /api/trpc/scorecard.getRemainingScans?input=%7B%22json%22%3A%7B%22userId%22%3A%22mfu0su1y6o6yo04ldrt%22%7D%7D
Sun Sep 21 2025 13:17:55 GMT-0500 (Central Daylight Time) GET /api/trpc/scorecard.getRemainingScans?input=%7B%22json%22%3A%7B%22userId%22%3A%22mfu0su5zgvdhfxq3hx5%22%7D%7D
Sun Sep 21 2025 13:17:56 GMT-0500 (Central Daylight Time) GET /api/trpc/scorecard.getRemainingScans?input=%7B%22json%22%3A%7B%22userId%22%3A%22mfu0su9tfydjwiu4mqf%22%7D%7D
Sun Sep 21 2025 13:17:56 GMT-0500 (Central Daylight Time) GET /api/trpc/scorecard.getRemainingScans?input=%7B%22json%22%3A%7B%22userId%22%3A%22mfu0sudtcgilxcgcbw9%22%7D%7D
Sun Sep 21 2025 13:17:56 GMT-0500 (Central Daylight Time) GET /api/trpc/scorecard.getRemainingScans?input=%7B%22json%22%3A%7B%22userId%22%3A%22mfu0suhtm2mod1238fj%22%7D%7D
Sun Sep 21 2025 13:17:56 GMT-0500 (Central Daylight Time) GET /api/trpc/scorecard.getRemainingScans?input=%7B%22json%22%3A%7B%22userId%22%3A%22mfu0sulusw5pl4i2mzd%22%7D%7D
Sun Sep 21 2025 13:17:56 GMT-0500 (Central Daylight Time) GET /api/trpc/scorecard.getRemainingScans?input=%7B%22json%22%3A%7B%22userId%22%3A%22mfu0supqho4ti4z06an%22%7D%7D
Sun Sep 21 2025 13:17:56 GMT-0500 (Central Daylight Time) GET /api/trpc/scorecard.getRemainingScans?input=%7B%22json%22%3A%7B%22userId%22%3A%22mfu0suttdqv2yv38gr9%22%7D%7D
Sun Sep 21 2025 13:17:56 GMT-0500 (Central Daylight Time) GET /api/trpc/scorecard.getRemainingScans?input=%7B%22json%22%3A%7B%22userId%22%3A%22mfu0suxrvqs6166l5gm%22%7D%7D
Sun Sep 21 2025 13:17:57 GMT-0500 (Central Daylight Time) GET /api/trpc/scorecard.getRemainingScans?input=%7B%22json%22%3A%7B%22userId%22%3A%22mfu0sv1pyo0651lsr6%22%7D%7D
Sun Sep 21 2025 13:17:57 GMT-0500 (Central Daylight Time) GET /api/trpc/scorecard.getRemainingScans?input=%7B%22json%22%3A%7B%22userId%22%3A%22mfu0sv5r79p3sr4d6ff%22%7D%7D
Sun Sep 21 2025 13:17:57 GMT-0500 (Central Daylight Time) GET /api/trpc/scorecard.getRemainingScans?input=%7B%22json%22%3A%7B%22userId%22%3A%22mfu0sv9wvppuxhpt40f%22%7D%7D
Sun Sep 21 2025 13:17:57 GMT-0500 (Central Daylight Time) GET /api/trpc/scorecard.getRemainingScans?input=%7B%22json%22%3A%7B%22userId%22%3A%22mfu0sve6uzvtzbrulf%22%7D%7D
Sun Sep 21 2025 13:17:57 GMT-0500 (Central Daylight Time) GET /api/trpc/scorecard.getRemainingScans?input=%7B%22json%22%3A%7B%22userId%22%3A%22mfu0svik086gycqyfxff%22%7D%7D
Sun Sep 21 2025 13:17:57 GMT-0500 (Central Daylight Time) GET /api/trpc/scorecard.getRemainingScans?input=%7B%22json%22%3A%7B%22userId%22%3A%22mfu0svn3dmazrzwqhj8%22%7D%7D
Sun Sep 21 2025 13:17:58 GMT-0500 (Central Daylight Time) GET /api/trpc/scorecard.getRemainingScans?input=%7B%22json%22%3A%7B%22userId%22%3A%22mfu0svr5zel04ljh3g%22%7D%7D
Sun Sep 21 2025 13:17:58 GMT-0500 (Central Daylight Time) GET /api/trpc/scorecard.getRemainingScans?input=%7B%22json%22%3A%7B%22userId%22%3A%22mfu0svv887v97eyyrco%22%7D%7D
Sun Sep 21 2025 13:17:58 GMT-0500 (Central Daylight Time) GET /api/trpc/scorecard.getRemainingScans?input=%7B%22json%22%3A%7B%22userId%22%3A%22mfu0svzlx46hnd0kis%22%7D%7D
Sun Sep 21 2025 13:17:58 GMT-0500 (Central Daylight Time) GET /api/trpc/scorecard.getRemainingScans?input=%7B%22json%22%3A%7B%22userId%22%3A%22mfu0sw44guuv0w5svqe%22%7D%7D
Sun Sep 21 2025 13:17:58 GMT-0500 (Central Daylight Time) GET /api/trpc/scorecard.getRemainingScans?input=%7B%22json%22%3A%7B%22userId%22%3A%22mfu0sw87zj59vus4gwn%22%7D%7D
Sun Sep 21 2025 13:17:58 GMT-0500 (Central Daylight Time) GET /api/trpc/scorecard.getRemainingScans?input=%7B%22json%22%3A%7B%22userId%22%3A%22mfu0swcq6negc441rnt%22%7D%7D
Sun Sep 21 2025 13:17:58 GMT-0500 (Central Daylight Time) GET /api/trpc/scorecard.getRemainingScans?input=%7B%22json%22%3A%7B%22userId%22%3A%22mfu0swh5fniteaods3e%22%7D%7D
Sun Sep 21 2025 13:17:59 GMT-0500 (Central Daylight Time) GET /api/trpc/scorecard.getRemainingScans?input=%7B%22json%22%3A%7B%22userId%22%3A%22mfu0swll2q26aywzhay%22%7D%7D
Sun Sep 21 2025 13:17:59 GMT-0500 (Central Daylight Time) GET /api/trpc/scorecard.getRemainingScans?input=%7B%22json%22%3A%7B%22userId%22%3A%22mfu0swprofs9nfy5nv%22%7D%7D
Sun Sep 21 2025 13:17:59 GMT-0500 (Central Daylight Time) GET /api/trpc/scorecard.getRemainingScans?input=%7B%22json%22%3A%7B%22userId%22%3A%22mfu0swu06yv5dzzzi4x%22%7D%7D
Sun Sep 21 2025 13:17:59 GMT-0500 (Central Daylight Time) GET /api/trpc/scorecard.getRemainingScans?input=%7B%22json%22%3A%7B%22userId%22%3A%22mfu0swya2nffany7mm7%22%7D%7D
Sun Sep 21 2025 13:17:59 GMT-0500 (Central Daylight Time) GET /api/trpc/scorecard.getRemainingScans?input=%7B%22json%22%3A%7B%22userId%22%3A%22mfu0sx2fq2k7blaoc2%22%7D%7D
Sun Sep 21 2025 13:17:59 GMT-0500 (Central Daylight Time) GET /api/trpc/scorecard.getRemainingScans?input=%7B%22json%22%3A%7B%22userId%22%3A%22mfu0sx6qhim44pbssc5%22%7D%7D
Sun Sep 21 2025 13:18:00 GMT-0500 (Central Daylight Time) GET /api/trpc/scorecard.getRemainingScans?input=%7B%22json%22%3A%7B%22userId%22%3A%22mfu0sxb4pk0zxluhegk%22%7D%7D
Sun Sep 21 2025 13:18:00 GMT-0500 (Central Daylight Time) GET /api/trpc/scorecard.getRemainingScans?input=%7B%22json%22%3A%7B%22userId%22%3A%22mfu0sxfv3ycqrozu7ex%22%7D%7D
Sun Sep 21 2025 13:18:00 GMT-0500 (Central Daylight Time) GET /api/trpc/scorecard.getRemainingScans?input=%7B%22json%22%3A%7B%22userId%22%3A%22mfu0sxkjzhpyiyx4b1l%22%7D%7D
Sun Sep 21 2025 13:18:00 GMT-0500 (Central Daylight Time) GET /api/trpc/scorecard.getRemainingScans?input=%7B%22json%22%3A%7B%22userId%22%3A%22mfu0sxp0z1da7b2tdk%22%7D%7D
Sun Sep 21 2025 13:18:00 GMT-0500 (Central Daylight Time) GET /api/trpc/scorecard.getRemainingScans?input=%7B%22json%22%3A%7B%22userId%22%3A%22mfu0sxv18kblkhc9mjd%22%7D%7D
Sun Sep 21 2025 13:18:00 GMT-0500 (Central Daylight Time) GET /api/trpc/scorecard.getRemainingScans?input=%7B%22json%22%3A%7B%22userId%22%3A%22mfu0sxzoit478vx18r%22%7D%7D
Sun Sep 21 2025 13:18:01 GMT-0500 (Central Daylight Time) GET /api/trpc/scorecard.getRemainingScans?input=%7B%22json%22%3A%7B%22userId%22%3A%22mfu0sy5at1cb5mtp50e%22%7D%7D
Sun Sep 21 2025 13:18:01 GMT-0500 (Central Daylight Time) GET /api/trpc/scorecard.getRemainingScans?input=%7B%22json%22%3A%7B%22userId%22%3A%22mfu0sy9r27vrpe75nnh%22%7D%7D
Sun Sep 21 2025 13:18:01 GMT-0500 (Central Daylight Time) GET /api/trpc/scorecard.getRemainingScans?input=%7B%22json%22%3A%7B%22userId%22%3A%22mfu0syi06otoyjzu2yv%22%7D%7D
Sun Sep 21 2025 13:18:01 GMT-0500 (Central Daylight Time) GET /api/trpc/scorecard.getRemainingScans?input=%7B%22json%22%3A%7B%22userId%22%3A%22mfu0sypwoslqmq81q3f%22%7D%7D
Sun Sep 21 2025 13:18:02 GMT-0500 (Central Daylight Time) GET /api/trpc/scorecard.getRemainingScans?input=%7B%22json%22%3A%7B%22userId%22%3A%22mfu0sz0qp69h5mmzuor%22%7D%7D
Sun Sep 21 2025 13:18:02 GMT-0500 (Central Daylight Time) GET /api/trpc/scorecard.getRemainingScans?input=%7B%22json%22%3A%7B%22userId%22%3A%22mfu0szc8nza16du47yj%22%7D%7D
Sun Sep 21 2025 13:18:03 GMT-0500 (Central Daylight Time) GET /api/trpc/scorecard.getRemainingScans?input=%7B%22json%22%3A%7B%22userId%22%3A%22mfu0szk41hp28fpbhlq%22%7D%7D
Sun Sep 21 2025 13:18:03 GMT-0500 (Central Daylight Time) GET /api/trpc/scorecard.getRemainingScans?input=%7B%22json%22%3A%7B%22userId%22%3A%22mfu0szth6ybqsmmy0dq%22%7D%7D
Sun Sep 21 2025 13:18:03 GMT-0500 (Central Daylight Time) GET /api/trpc/scorecard.getRemainingScans?input=%7B%22json%22%3A%7B%22userId%22%3A%22mfu0t01pm4fqahfbhy8%22%7D%7D
Sun Sep 21 2025 13:18:03 GMT-0500 (Central Daylight Time) GET /api/trpc/scorecard.getRemainingScans?input=%7B%22json%22%3A%7B%22userId%22%3A%22mfu0t08n1lgwd7ko0d9%22%7D%7D
Sun Sep 21 2025 13:18:04 GMT-0500 (Central Daylight Time) GET /api/trpc/scorecard.getRemainingScans?input=%7B%22json%22%3A%7B%22userId%22%3A%22mfu0t0fmoc68ov12y7m%22%7D%7D
Sun Sep 21 2025 13:18:04 GMT-0500 (Central Daylight Time) GET /api/trpc/scorecard.getRemainingScans?input=%7B%22json%22%3A%7B%22userId%22%3A%22mfu0t0mjltzlq8oyeir%22%7D%7D
Sun Sep 21 2025 13:18:04 GMT-0500 (Central Daylight Time) GET /api/trpc/scorecard.getRemainingScans?input=%7B%22json%22%3A%7B%22userId%22%3A%22mfu0t0sjncchzbm3s5o%22%7D%7D
Sun Sep 21 2025 13:18:04 GMT-0500 (Central Daylight Time) GET /api/trpc/scorecard.getRemainingScans?input=%7B%22json%22%3A%7B%22userId%22%3A%22mfu0t0zhge37k0td907%22%7D%7D
Sun Sep 21 2025 13:18:04 GMT-0500 (Central Daylight Time) GET /api/trpc/scorecard.getRemainingScans?input=%7B%22json%22%3A%7B%22userId%22%3A%22mfu0t151u3hagwt5cvj%22%7D%7D
Sun Sep 21 2025 13:18:05 GMT-0500 (Central Daylight Time) GET /api/trpc/scorecard.getRemainingScans?input=%7B%22json%22%3A%7B%22userId%22%3A%22mfu0t1c8erf4gefgkel%22%7D%7D
Sun Sep 21 2025 13:18:05 GMT-0500 (Central Daylight Time) GET /api/trpc/scorecard.getRemainingScans?input=%7B%22json%22%3A%7B%22userId%22%3A%22mfu0t1gmj46gzv9ciwa%22%7D%7D
Sun Sep 21 2025 13:18:05 GMT-0500 (Central Daylight Time) GET /api/trpc/scorecard.getRemainingScans?input=%7B%22json%22%3A%7B%22userId%22%3A%22mfu0t1kpdqf8mk4er6%22%7D%7D
Sun Sep 21 2025 13:18:05 GMT-0500 (Central Daylight Time) GET /api/trpc/scorecard.getRemainingScans?input=%7B%22json%22%3A%7B%22userId%22%3A%22mfu0t1p7auvmarh006%22%7D%7D
Sun Sep 21 2025 13:18:05 GMT-0500 (Central Daylight Time) GET /api/trpc/scorecard.getRemainingScans?input=%7B%22json%22%3A%7B%22userId%22%3A%22mfu0t1tosr48sd8rh1o%22%7D%7D
Sun Sep 21 2025 13:18:06 GMT-0500 (Central Daylight Time) GET /api/trpc/scorecard.getRemainingScans?input=%7B%22json%22%3A%7B%22userId%22%3A%22mfu0t1yqpgxm8jmmd6a%22%7D%7D
Sun Sep 21 2025 13:18:06 GMT-0500 (Central Daylight Time) GET /api/trpc/scorecard.getRemainingScans?input=%7B%22json%22%3A%7B%22userId%22%3A%22mfu0t23m0f615rg8l7w%22%7D%7D
Sun Sep 21 2025 13:18:06 GMT-0500 (Central Daylight Time) GET /api/trpc/scorecard.getRemainingScans?input=%7B%22json%22%3A%7B%22userId%22%3A%22mfu0t28ddx2ybp14go5%22%7D%7D
Sun Sep 21 2025 13:18:06 GMT-0500 (Central Daylight Time) GET /api/trpc/scorecard.getRemainingScans?input=%7B%22json%22%3A%7B%22userId%22%3A%22mfu0t2czen97of5sixd%22%7D%7D
Sun Sep 21 2025 13:18:06 GMT-0500 (Central Daylight Time) GET /api/trpc/scorecard.getRemainingScans?input=%7B%22json%22%3A%7B%22userId%22%3A%22mfu0t2hwrews4j5qg4%22%7D%7D
Sun Sep 21 2025 13:18:06 GMT-0500 (Central Daylight Time) GET /api/trpc/scorecard.getRemainingScans?input=%7B%22json%22%3A%7B%22userId%22%3A%22mfu0t2mq5f2hzrwz7a5%22%7D%7D
Sun Sep 21 2025 13:18:07 GMT-0500 (Central Daylight Time) GET /api/trpc/scorecard.getRemainingScans?input=%7B%22json%22%3A%7B%22userId%22%3A%22mfu0t2rgn947069oo5%22%7D%7D
Sun Sep 21 2025 13:18:07 GMT-0500 (Central Daylight Time) GET /api/trpc/scorecard.getRemainingScans?input=%7B%22json%22%3A%7B%22userId%22%3A%22mfu0t2xsowekzo3683i%22%7D%7D
Sun Sep 21 2025 13:18:07 GMT-0500 (Central Daylight Time) GET /api/trpc/scorecard.getRemainingScans?input=%7B%22json%22%3A%7B%22userId%22%3A%22mfu0t332uw7lrye96af%22%7D%7D
Sun Sep 21 2025 13:18:07 GMT-0500 (Central Daylight Time) GET /api/trpc/scorecard.getRemainingScans?input=%7B%22json%22%3A%7B%22userId%22%3A%22mfu0t37k2e8fyfzdcf2%22%7D%7D
Sun Sep 21 2025 13:18:07 GMT-0500 (Central Daylight Time) GET /api/trpc/scorecard.getRemainingScans?input=%7B%22json%22%3A%7B%22userId%22%3A%22mfu0t3ccserp1cfulia%22%7D%7D
Sun Sep 21 2025 13:18:08 GMT-0500 (Central Daylight Time) GET /api/trpc/scorecard.getRemainingScans?input=%7B%22json%22%3A%7B%22userId%22%3A%22mfu0t3glj2cx88s59un%22%7D%7D
Sun Sep 21 2025 13:18:08 GMT-0500 (Central Daylight Time) GET /api/trpc/scorecard.getRemainingScans?input=%7B%22json%22%3A%7B%22userId%22%3A%22mfu0t3kuj1j5of0pws%22%7D%7D
Sun Sep 21 2025 13:18:08 GMT-0500 (Central Daylight Time) GET /api/trpc/scorecard.getRemainingScans?input=%7B%22json%22%3A%7B%22userId%22%3A%22mfu0t3pa8w9dbkcdha8%22%7D%7D
Sun Sep 21 2025 13:18:08 GMT-0500 (Central Daylight Time) GET /api/trpc/scorecard.getRemainingScans?input=%7B%22json%22%3A%7B%22userId%22%3A%22mfu0t3uq8qeov0vt0mk%22%7D%7D
Sun Sep 21 2025 13:18:08 GMT-0500 (Central Daylight Time) GET /api/trpc/scorecard.getRemainingScans?input=%7B%22json%22%3A%7B%22userId%22%3A%22mfu0t3zj2a655ht07xt%22%7D%7D
Sun Sep 21 2025 13:18:08 GMT-0500 (Central Daylight Time) GET /api/trpc/scorecard.getRemainingScans?input=%7B%22json%22%3A%7B%22userId%22%3A%22mfu0t447q1aoqchcjsi%22%7D%7D
Sun Sep 21 2025 13:18:09 GMT-0500 (Central Daylight Time) GET /api/trpc/scorecard.getRemainingScans?input=%7B%22json%22%3A%7B%22userId%22%3A%22mfu0t48quxgr3kcoiqo%22%7D%7D
Sun Sep 21 2025 13:18:09 GMT-0500 (Central Daylight Time) GET /api/trpc/scorecard.getRemainingScans?input=%7B%22json%22%3A%7B%22userId%22%3A%22mfu0t4d5y9swq4giuc%22%7D%7D
Sun Sep 21 2025 13:18:09 GMT-0500 (Central Daylight Time) GET /api/trpc/scorecard.getRemainingScans?input=%7B%22json%22%3A%7B%22userId%22%3A%22mfu0t4iwaofxaroi3uq%22%7D%7D
Sun Sep 21 2025 13:18:09 GMT-0500 (Central Daylight Time) GET /api/trpc/scorecard.getRemainingScans?input=%7B%22json%22%3A%7B%22userId%22%3A%22mfu0t4ozbfk5hc896o%22%7D%7D
Sun Sep 21 2025 13:18:09 GMT-0500 (Central Daylight Time) GET /api/trpc/scorecard.getRemainingScans?input=%7B%22json%22%3A%7B%22userId%22%3A%22mfu0t4tb6h39fswdr1t%22%7D%7D
Sun Sep 21 2025 13:18:09 GMT-0500 (Central Daylight Time) GET /api/trpc/scorecard.getRemainingScans?input=%7B%22json%22%3A%7B%22userId%22%3A%22mfu0t4ydu2ju8k2dmri%22%7D%7D
Sun Sep 21 2025 13:18:10 GMT-0500 (Central Daylight Time) GET /api/trpc/scorecard.getRemainingScans?input=%7B%22json%22%3A%7B%22userId%22%3A%22mfu0t54z516x8n6ahx3%22%7D%7D
Sun Sep 21 2025 13:18:10 GMT-0500 (Central Daylight Time) GET /api/trpc/scorecard.getRemainingScans?input=%7B%22json%22%3A%7B%22userId%22%3A%22mfu0t5a2xbi9zx3iyho%22%7D%7D
Sun Sep 21 2025 13:18:10 GMT-0500 (Central Daylight Time) GET /api/trpc/scorecard.getRemainingScans?input=%7B%22json%22%3A%7B%22userId%22%3A%22mfu0t5ey5i8p2slyds%22%7D%7D
Sun Sep 21 2025 13:18:10 GMT-0500 (Central Daylight Time) GET /api/trpc/scorecard.getRemainingScans?input=%7B%22json%22%3A%7B%22userId%22%3A%22mfu0t5joh33v1bpw7da%22%7D%7D
Sun Sep 21 2025 13:18:10 GMT-0500 (Central Daylight Time) GET /api/trpc/scorecard.getRemainingScans?input=%7B%22json%22%3A%7B%22userId%22%3A%22mfu0t5ookbzyjg4ubm%22%7D%7D
Sun Sep 21 2025 13:18:11 GMT-0500 (Central Daylight Time) GET /api/trpc/scorecard.getRemainingScans?input=%7B%22json%22%3A%7B%22userId%22%3A%22mfu0t5vdarbokii1xwh%22%7D%7D
Sun Sep 21 2025 13:18:11 GMT-0500 (Central Daylight Time) GET /api/trpc/scorecard.getRemainingScans?input=%7B%22json%22%3A%7B%22userId%22%3A%22mfu0t5zh3adqzx5wbgt%22%7D%7D
Sun Sep 21 2025 13:18:11 GMT-0500 (Central Daylight Time) GET /api/trpc/scorecard.getRemainingScans?input=%7B%22json%22%3A%7B%22userId%22%3A%22mfu0t645k2atat6u0oe%22%7D%7D
Sun Sep 21 2025 13:18:11 GMT-0500 (Central Daylight Time) GET /api/trpc/scorecard.getRemainingScans?input=%7B%22json%22%3A%7B%22userId%22%3A%22mfu0t68vmqi6yku4jya%22%7D%7D
Sun Sep 21 2025 13:18:11 GMT-0500 (Central Daylight Time) GET /api/trpc/scorecard.getRemainingScans?input=%7B%22json%22%3A%7B%22userId%22%3A%22mfu0t6dzgye9l0sfhp%22%7D%7D
Sun Sep 21 2025 13:18:11 GMT-0500 (Central Daylight Time) GET /api/trpc/scorecard.getRemainingScans?input=%7B%22json%22%3A%7B%22userId%22%3A%22mfu0t6idb3mmcbql2tl%22%7D%7D
Sun Sep 21 2025 13:18:12 GMT-0500 (Central Daylight Time) GET /api/trpc/scorecard.getRemainingScans?input=%7B%22json%22%3A%7B%22userId%22%3A%22mfu0t6ms7zla6abnu07%22%7D%7D
Sun Sep 21 2025 13:18:12 GMT-0500 (Central Daylight Time) GET /api/trpc/scorecard.getRemainingScans?input=%7B%22json%22%3A%7B%22userId%22%3A%22mfu0t6r4xpfa2fj66y%22%7D%7D
Sun Sep 21 2025 13:18:12 GMT-0500 (Central Daylight Time) GET /api/trpc/scorecard.getRemainingScans?input=%7B%22json%22%3A%7B%22userId%22%3A%22mfu0t6veaiklb9doli6%22%7D%7D
Sun Sep 21 2025 13:18:12 GMT-0500 (Central Daylight Time) GET /api/trpc/scorecard.getRemainingScans?input=%7B%22json%22%3A%7B%22userId%22%3A%22mfu0t6zjy5l86l153xp%22%7D%7D
Sun Sep 21 2025 13:18:12 GMT-0500 (Central Daylight Time) GET /api/trpc/scorecard.getRemainingScans?input=%7B%22json%22%3A%7B%22userId%22%3A%22mfu0t746epm7j9o4i85%22%7D%7D
Sun Sep 21 2025 13:18:13 GMT-0500 (Central Daylight Time) GET /api/trpc/scorecard.getRemainingScans?input=%7B%22json%22%3A%7B%22userId%22%3A%22mfu0t7akr86j5f8vok%22%7D%7D
Sun Sep 21 2025 13:18:13 GMT-0500 (Central Daylight Time) GET /api/trpc/scorecard.getRemainingScans?input=%7B%22json%22%3A%7B%22userId%22%3A%22mfu0t7irxqbyhfxrdb8%22%7D%7D
Sun Sep 21 2025 13:18:13 GMT-0500 (Central Daylight Time) GET /api/trpc/scorecard.getRemainingScans?input=%7B%22json%22%3A%7B%22userId%22%3A%22mfu0t7smhxkskfoleh8%22%7D%7D
Sun Sep 21 2025 13:18:13 GMT-0500 (Central Daylight Time) GET /api/trpc/scorecard.getRemainingScans?input=%7B%22json%22%3A%7B%22userId%22%3A%22mfu0t7x36bxvfqiawi%22%7D%7D
Sun Sep 21 2025 13:18:13 GMT-0500 (Central Daylight Time) GET /api/trpc/scorecard.getRemainingScans?input=%7B%22json%22%3A%7B%22userId%22%3A%22mfu0t81q7jq166rjre%22%7D%7D
Sun Sep 21 2025 13:18:14 GMT-0500 (Central Daylight Time) GET /api/trpc/scorecard.getRemainingScans?input=%7B%22json%22%3A%7B%22userId%22%3A%22mfu0t86eq9gl9nb6379%22%7D%7D
Sun Sep 21 2025 13:18:14 GMT-0500 (Central Daylight Time) GET /api/trpc/scorecard.getRemainingScans?input=%7B%22json%22%3A%7B%22userId%22%3A%22mfu0t8asmu6y7js518j%22%7D%7D
Sun Sep 21 2025 13:18:14 GMT-0500 (Central Daylight Time) GET /api/trpc/scorecard.getRemainingScans?input=%7B%22json%22%3A%7B%22userId%22%3A%22mfu0t8fa1kodfge4nar%22%7D%7D
Sun Sep 21 2025 13:18:14 GMT-0500 (Central Daylight Time) GET /api/trpc/scorecard.getRemainingScans?input=%7B%22json%22%3A%7B%22userId%22%3A%22mfu0t8jmnpavitjldnq%22%7D%7D
Sun Sep 21 2025 13:18:14 GMT-0500 (Central Daylight Time) GET /api/trpc/scorecard.getRemainingScans?input=%7B%22json%22%3A%7B%22userId%22%3A%22mfu0t8o5bpjky6mjvz9%22%7D%7D
Sun Sep 21 2025 13:18:14 GMT-0500 (Central Daylight Time) GET /api/trpc/scorecard.getRemainingScans?input=%7B%22json%22%3A%7B%22userId%22%3A%22mfu0t8se1zfetoxea3t%22%7D%7D
Sun Sep 21 2025 13:18:15 GMT-0500 (Central Daylight Time) GET /api/trpc/scorecard.getRemainingScans?input=%7B%22json%22%3A%7B%22userId%22%3A%22mfu0t8wty2h077iz62%22%7D%7D
Sun Sep 21 2025 13:18:15 GMT-0500 (Central Daylight Time) GET /api/trpc/scorecard.getRemainingScans?input=%7B%22json%22%3A%7B%22userId%22%3A%22mfu0t91b5w9cioam1kd%22%7D%7D
Sun Sep 21 2025 13:18:15 GMT-0500 (Central Daylight Time) GET /api/trpc/scorecard.getRemainingScans?input=%7B%22json%22%3A%7B%22userId%22%3A%22mfu0t95vjx9qoqg37g%22%7D%7D
Sun Sep 21 2025 13:18:15 GMT-0500 (Central Daylight Time) GET /api/trpc/scorecard.getRemainingScans?input=%7B%22json%22%3A%7B%22userId%22%3A%22mfu0t9a2fujv7c46zhd%22%7D%7D
Sun Sep 21 2025 13:18:15 GMT-0500 (Central Daylight Time) GET /api/trpc/scorecard.getRemainingScans?input=%7B%22json%22%3A%7B%22userId%22%3A%22mfu0t9lork3s8lcibb%22%7D%7D
Sun Sep 21 2025 13:18:16 GMT-0500 (Central Daylight Time) GET /api/trpc/scorecard.getRemainingScans?input=%7B%22json%22%3A%7B%22userId%22%3A%22mfu0t9q19qvdusw1vga%22%7D%7D
Sun Sep 21 2025 13:18:16 GMT-0500 (Central Daylight Time) GET /api/trpc/scorecard.getRemainingScans?input=%7B%22json%22%3A%7B%22userId%22%3A%22mfu0t9uac7u38l2s5f6%22%7D%7D
Sun Sep 21 2025 13:18:16 GMT-0500 (Central Daylight Time) GET /api/trpc/scorecard.getRemainingScans?input=%7B%22json%22%3A%7B%22userId%22%3A%22mfu0t9ymve7ojhta0j%22%7D%7D
Sun Sep 21 2025 13:18:16 GMT-0500 (Central Daylight Time) GET /api/trpc/scorecard.getRemainingScans?input=%7B%22json%22%3A%7B%22userId%22%3A%22mfu0ta2xofknk8x3tb%22%7D%7D
Sun Sep 21 2025 13:18:16 GMT-0500 (Central Daylight Time) GET /api/trpc/scorecard.getRemainingScans?input=%7B%22json%22%3A%7B%22userId%22%3A%22mfu0ta7734xzccrtj1w%22%7D%7D
Sun Sep 21 2025 13:18:16 GMT-0500 (Central Daylight Time) GET /api/trpc/scorecard.getRemainingScans?input=%7B%22json%22%3A%7B%22userId%22%3A%22mfu0tabnx1ukhnzrkeg%22%7D%7D
Sun Sep 21 2025 13:18:17 GMT-0500 (Central Daylight Time) GET /api/trpc/scorecard.getRemainingScans?input=%7B%22json%22%3A%7B%22userId%22%3A%22mfu0tag0ag6zhyzw0d%22%7D%7D
Sun Sep 21 2025 13:18:17 GMT-0500 (Central Daylight Time) GET /api/trpc/scorecard.getRemainingScans?input=%7B%22json%22%3A%7B%22userId%22%3A%22mfu0takcpnbxwcid2z%22%7D%7D
Sun Sep 21 2025 13:18:17 GMT-0500 (Central Daylight Time) GET /api/trpc/scorecard.getRemainingScans?input=%7B%22json%22%3A%7B%22userId%22%3A%22mfu0taomkvxo3u0y74a%22%7D%7D
Sun Sep 21 2025 13:18:17 GMT-0500 (Central Daylight Time) GET /api/trpc/scorecard.getRemainingScans?input=%7B%22json%22%3A%7B%22userId%22%3A%22mfu0tast5k7tmmkyonj%22%7D%7D
Sun Sep 21 2025 13:18:17 GMT-0500 (Central Daylight Time) GET /api/trpc/scorecard.getRemainingScans?input=%7B%22json%22%3A%7B%22userId%22%3A%22mfu0tax2bx1eycwfd8%22%7D%7D
Sun Sep 21 2025 13:18:17 GMT-0500 (Central Daylight Time) GET /api/trpc/scorecard.getRemainingScans?input=%7B%22json%22%3A%7B%22userId%22%3A%22mfu0tb1ak64ft3ax899%22%7D%7D
Sun Sep 21 2025 13:18:17 GMT-0500 (Central Daylight Time) GET /api/trpc/scorecard.getRemainingScans?input=%7B%22json%22%3A%7B%22userId%22%3A%22mfu0tb5it58lduujnaj%22%7D%7D
Sun Sep 21 2025 13:18:18 GMT-0500 (Central Daylight Time) GET /api/trpc/scorecard.getRemainingScans?input=%7B%22json%22%3A%7B%22userId%22%3A%22mfu0tb9vl8tu99kksja%22%7D%7D
Sun Sep 21 2025 13:18:18 GMT-0500 (Central Daylight Time) GET /api/trpc/scorecard.getRemainingScans?input=%7B%22json%22%3A%7B%22userId%22%3A%22mfu0tbe2ly4dgbpswr%22%7D%7D
Sun Sep 21 2025 13:18:18 GMT-0500 (Central Daylight Time) GET /api/trpc/scorecard.getRemainingScans?input=%7B%22json%22%3A%7B%22userId%22%3A%22mfu0tbiawty5n9hs248%22%7D%7D
Sun Sep 21 2025 13:18:18 GMT-0500 (Central Daylight Time) GET /api/trpc/scorecard.getRemainingScans?input=%7B%22json%22%3A%7B%22userId%22%3A%22mfu0tbmsb78je54ti8a%22%7D%7D
Sun Sep 21 2025 13:18:18 GMT-0500 (Central Daylight Time) GET /api/trpc/scorecard.getRemainingScans?input=%7B%22json%22%3A%7B%22userId%22%3A%22mfu0tbrgff8zp3csush%22%7D%7D
Sun Sep 21 2025 13:18:18 GMT-0500 (Central Daylight Time) GET /api/trpc/scorecard.getRemainingScans?input=%7B%22json%22%3A%7B%22userId%22%3A%22mfu0tbvrvvibxdum3qp%22%7D%7D
Sun Sep 21 2025 13:18:19 GMT-0500 (Central Daylight Time) GET /api/trpc/scorecard.getRemainingScans?input=%7B%22json%22%3A%7B%22userId%22%3A%22mfu0tbzzq49w49sj19o%22%7D%7D
Sun Sep 21 2025 13:18:19 GMT-0500 (Central Daylight Time) GET /api/trpc/scorecard.getRemainingScans?input=%7B%22json%22%3A%7B%22userId%22%3A%22mfu0tc49akbtbf9m1qn%22%7D%7D
Sun Sep 21 2025 13:18:19 GMT-0500 (Central Daylight Time) GET /api/trpc/scorecard.getRemainingScans?input=%7B%22json%22%3A%7B%22userId%22%3A%22mfu0tc8k6b1gbur31ad%22%7D%7D
Sun Sep 21 2025 13:18:19 GMT-0500 (Central Daylight Time) GET /api/trpc/scorecard.getRemainingScans?input=%7B%22json%22%3A%7B%22userId%22%3A%22mfu0tccwgxoyradvh4v%22%7D%7D
Sun Sep 21 2025 13:18:19 GMT-0500 (Central Daylight Time) GET /api/trpc/scorecard.getRemainingScans?input=%7B%22json%22%3A%7B%22userId%22%3A%22mfu0tch26zb01hsmzy6%22%7D%7D
Sun Sep 21 2025 13:18:19 GMT-0500 (Central Daylight Time) GET /api/trpc/scorecard.getRemainingScans?input=%7B%22json%22%3A%7B%22userId%22%3A%22mfu0tclf8ucy39z765%22%7D%7D
Sun Sep 21 2025 13:18:20 GMT-0500 (Central Daylight Time) GET /api/trpc/scorecard.getRemainingScans?input=%7B%22json%22%3A%7B%22userId%22%3A%22mfu0tcpv1m8gszoyjf9%22%7D%7D
Sun Sep 21 2025 13:18:20 GMT-0500 (Central Daylight Time) GET /api/trpc/scorecard.getRemainingScans?input=%7B%22json%22%3A%7B%22userId%22%3A%22mfu0tcu53092kfjuohw%22%7D%7D
Sun Sep 21 2025 13:18:20 GMT-0500 (Central Daylight Time) GET /api/trpc/scorecard.getRemainingScans?input=%7B%22json%22%3A%7B%22userId%22%3A%22mfu0tcydeq8nh6cla7%22%7D%7D
Sun Sep 21 2025 13:18:20 GMT-0500 (Central Daylight Time) GET /api/trpc/scorecard.getRemainingScans?input=%7B%22json%22%3A%7B%22userId%22%3A%22mfu0td2n8dk55tcyztg%22%7D%7D
Sun Sep 21 2025 13:18:20 GMT-0500 (Central Daylight Time) GET /api/trpc/scorecard.getRemainingScans?input=%7B%22json%22%3A%7B%22userId%22%3A%22mfu0td6t5fshkf428gc%22%7D%7D
Sun Sep 21 2025 13:18:20 GMT-0500 (Central Daylight Time) GET /api/trpc/scorecard.getRemainingScans?input=%7B%22json%22%3A%7B%22userId%22%3A%22mfu0tdb73d3hhgt95dm%22%7D%7D
Sun Sep 21 2025 13:18:20 GMT-0500 (Central Daylight Time) GET /api/trpc/scorecard.getRemainingScans?input=%7B%22json%22%3A%7B%22userId%22%3A%22mfu0tdgsn0ob8flb3do%22%7D%7D
Sun Sep 21 2025 13:18:21 GMT-0500 (Central Daylight Time) GET /api/trpc/scorecard.getRemainingScans?input=%7B%22json%22%3A%7B%22userId%22%3A%22mfu0tdl1h873ksm7fm4%22%7D%7D
Sun Sep 21 2025 13:18:21 GMT-0500 (Central Daylight Time) GET /api/trpc/scorecard.getRemainingScans?input=%7B%22json%22%3A%7B%22userId%22%3A%22mfu0tdp7qsyg5o3bow%22%7D%7D
Sun Sep 21 2025 13:18:21 GMT-0500 (Central Daylight Time) GET /api/trpc/scorecard.getRemainingScans?input=%7B%22json%22%3A%7B%22userId%22%3A%22mfu0tdtg5d1nqzn2kel%22%7D%7D
Sun Sep 21 2025 13:18:21 GMT-0500 (Central Daylight Time) GET /api/trpc/scorecard.getRemainingScans?input=%7B%22json%22%3A%7B%22userId%22%3A%22mfu0tdxm96ufa1a1pe%22%7D%7D
Sun Sep 21 2025 13:18:22 GMT-0500 (Central Daylight Time) GET /api/trpc/scorecard.getRemainingScans?input=%7B%22json%22%3A%7B%22userId%22%3A%22mfu0teccm7acq7agov%22%7D%7D
Sun Sep 21 2025 13:18:22 GMT-0500 (Central Daylight Time) GET /api/trpc/scorecard.getRemainingScans?input=%7B%22json%22%3A%7B%22userId%22%3A%22mfu0tegjcradou8n0u%22%7D%7D
Sun Sep 21 2025 13:18:22 GMT-0500 (Central Daylight Time) GET /api/trpc/scorecard.getRemainingScans?input=%7B%22json%22%3A%7B%22userId%22%3A%22mfu0tekuwqrvn1j95lp%22%7D%7D
Sun Sep 21 2025 13:18:22 GMT-0500 (Central Daylight Time) GET /api/trpc/scorecard.getRemainingScans?input=%7B%22json%22%3A%7B%22userId%22%3A%22mfu0tep0lkas3ucsoj%22%7D%7D
Sun Sep 21 2025 13:18:22 GMT-0500 (Central Daylight Time) GET /api/trpc/scorecard.getRemainingScans?input=%7B%22json%22%3A%7B%22userId%22%3A%22mfu0tetcw5vixd6boo%22%7D%7D
Sun Sep 21 2025 13:18:22 GMT-0500 (Central Daylight Time) GET /api/trpc/scorecard.getRemainingScans?input=%7B%22json%22%3A%7B%22userId%22%3A%22mfu0texu9dimfkdmpeh%22%7D%7D
Sun Sep 21 2025 13:18:23 GMT-0500 (Central Daylight Time) GET /api/trpc/scorecard.getRemainingScans?input=%7B%22json%22%3A%7B%22userId%22%3A%22mfu0tf1ylpy399zyibr%22%7D%7D
Sun Sep 21 2025 13:18:23 GMT-0500 (Central Daylight Time) GET /api/trpc/scorecard.getRemainingScans?input=%7B%22json%22%3A%7B%22userId%22%3A%22mfu0tf6eqb0ow1e8u5%22%7D%7D
Sun Sep 21 2025 13:18:23 GMT-0500 (Central Daylight Time) GET /api/trpc/scorecard.getRemainingScans?input=%7B%22json%22%3A%7B%22userId%22%3A%22mfu0tfal32wq5kqjk03%22%7D%7D
Sun Sep 21 2025 13:18:23 GMT-0500 (Central Daylight Time) GET /api/trpc/scorecard.getRemainingScans?input=%7B%22json%22%3A%7B%22userId%22%3A%22mfu0tfethbj71tnkhtg%22%7D%7D
Sun Sep 21 2025 13:18:23 GMT-0500 (Central Daylight Time) GET /api/trpc/scorecard.getRemainingScans?input=%7B%22json%22%3A%7B%22userId%22%3A%22mfu0tfj4h8ldq5yn4po%22%7D%7D
Sun Sep 21 2025 13:18:23 GMT-0500 (Central Daylight Time) GET /api/trpc/scorecard.getRemainingScans?input=%7B%22json%22%3A%7B%22userId%22%3A%22mfu0tfn8vlvaaypmm8s%22%7D%7D
Sun Sep 21 2025 13:18:23 GMT-0500 (Central Daylight Time) GET /api/trpc/scorecard.getRemainingScans?input=%7B%22json%22%3A%7B%22userId%22%3A%22mfu0tfreecm7k616agw%22%7D%7D
Sun Sep 21 2025 13:18:24 GMT-0500 (Central Daylight Time) GET /api/trpc/scorecard.getRemainingScans?input=%7B%22json%22%3A%7B%22userId%22%3A%22mfu0tfvo6jd1m6zbxju%22%7D%7D
Sun Sep 21 2025 13:18:24 GMT-0500 (Central Daylight Time) GET /api/trpc/scorecard.getRemainingScans?input=%7B%22json%22%3A%7B%22userId%22%3A%22mfu0tg007e3d2i3pm8t%22%7D%7D
Sun Sep 21 2025 13:18:24 GMT-0500 (Central Daylight Time) GET /api/trpc/scorecard.getRemainingScans?input=%7B%22json%22%3A%7B%22userId%22%3A%22mfu0tg4a19ymrz0o383%22%7D%7D
Sun Sep 21 2025 13:18:24 GMT-0500 (Central Daylight Time) GET /api/trpc/scorecard.getRemainingScans?input=%7B%22json%22%3A%7B%22userId%22%3A%22mfu0tg92noa1sa2ah4o%22%7D%7D
Sun Sep 21 2025 13:18:24 GMT-0500 (Central Daylight Time) GET /api/trpc/scorecard.getRemainingScans?input=%7B%22json%22%3A%7B%22userId%22%3A%22mfu0tgdekbum69pk09%22%7D%7D
Sun Sep 21 2025 13:18:24 GMT-0500 (Central Daylight Time) GET /api/trpc/scorecard.getRemainingScans?input=%7B%22json%22%3A%7B%22userId%22%3A%22mfu0tght53mt69bk2n%22%7D%7D
Sun Sep 21 2025 13:18:25 GMT-0500 (Central Daylight Time) GET /api/trpc/scorecard.getRemainingScans?input=%7B%22json%22%3A%7B%22userId%22%3A%22mfu0tgm1sesoei42hx%22%7D%7D
Sun Sep 21 2025 13:18:25 GMT-0500 (Central Daylight Time) GET /api/trpc/scorecard.getRemainingScans?input=%7B%22json%22%3A%7B%22userId%22%3A%22mfu0tgq9hj7zb6xr32k%22%7D%7D
Sun Sep 21 2025 13:18:25 GMT-0500 (Central Daylight Time) GET /api/trpc/scorecard.getRemainingScans?input=%7B%22json%22%3A%7B%22userId%22%3A%22mfu0tgujuab3ztwlr9f%22%7D%7D
Sun Sep 21 2025 13:18:25 GMT-0500 (Central Daylight Time) GET /api/trpc/scorecard.getRemainingScans?input=%7B%22json%22%3A%7B%22userId%22%3A%22mfu0tgymn06ff87s6t%22%7D%7D
Sun Sep 21 2025 13:18:25 GMT-0500 (Central Daylight Time) GET /api/trpc/scorecard.getRemainingScans?input=%7B%22json%22%3A%7B%22userId%22%3A%22mfu0th2wobkz97cayks%22%7D%7D
Sun Sep 21 2025 13:18:25 GMT-0500 (Central Daylight Time) GET /api/trpc/scorecard.getRemainingScans?input=%7B%22json%22%3A%7B%22userId%22%3A%22mfu0th745lft908p5mq%22%7D%7D
Sun Sep 21 2025 13:18:25 GMT-0500 (Central Daylight Time) GET /api/trpc/scorecard.getRemainingScans?input=%7B%22json%22%3A%7B%22userId%22%3A%22mfu0thbcqalwlwt0lr%22%7D%7D
Sun Sep 21 2025 13:18:26 GMT-0500 (Central Daylight Time) GET /api/trpc/scorecard.getRemainingScans?input=%7B%22json%22%3A%7B%22userId%22%3A%22mfu0thfic23d33szl4%22%7D%7D
Sun Sep 21 2025 13:18:26 GMT-0500 (Central Daylight Time) GET /api/trpc/scorecard.getRemainingScans?input=%7B%22json%22%3A%7B%22userId%22%3A%22mfu0thjk7v6fhti3zoa%22%7D%7D
Sun Sep 21 2025 13:18:26 GMT-0500 (Central Daylight Time) GET /api/trpc/scorecard.getRemainingScans?input=%7B%22json%22%3A%7B%22userId%22%3A%22mfu0thnx67bnmyz0nlu%22%7D%7D
Sun Sep 21 2025 13:18:26 GMT-0500 (Central Daylight Time) GET /api/trpc/scorecard.getRemainingScans?input=%7B%22json%22%3A%7B%22userId%22%3A%22mfu0ths8z937s4wqulm%22%7D%7D
Sun Sep 21 2025 13:18:26 GMT-0500 (Central Daylight Time) GET /api/trpc/scorecard.getRemainingScans?input=%7B%22json%22%3A%7B%22userId%22%3A%22mfu0thwcqb406y0oqjj%22%7D%7D
Sun Sep 21 2025 13:18:26 GMT-0500 (Central Daylight Time) GET /api/trpc/scorecard.getRemainingScans?input=%7B%22json%22%3A%7B%22userId%22%3A%22mfu0ti0e4o1nc6t2bv7%22%7D%7D
Sun Sep 21 2025 13:18:27 GMT-0500 (Central Daylight Time) GET /api/trpc/scorecard.getRemainingScans?input=%7B%22json%22%3A%7B%22userId%22%3A%22mfu0ti4pbkopu085jr8%22%7D%7D
Sun Sep 21 2025 13:18:27 GMT-0500 (Central Daylight Time) GET /api/trpc/scorecard.getRemainingScans?input=%7B%22json%22%3A%7B%22userId%22%3A%22mfu0ti8x2i5zml8k4ph%22%7D%7D
Sun Sep 21 2025 13:18:27 GMT-0500 (Central Daylight Time) GET /api/trpc/scorecard.getRemainingScans?input=%7B%22json%22%3A%7B%22userId%22%3A%22mfu0tid6gnumchs86pv%22%7D%7D
Sun Sep 21 2025 13:18:27 GMT-0500 (Central Daylight Time) GET /api/trpc/scorecard.getRemainingScans?input=%7B%22json%22%3A%7B%22userId%22%3A%22mfu0tihhwc8mkrd49g%22%7D%7D
Sun Sep 21 2025 13:18:27 GMT-0500 (Central Daylight Time) GET /api/trpc/scorecard.getRemainingScans?input=%7B%22json%22%3A%7B%22userId%22%3A%22mfu0tilsfkp7f1i352p%22%7D%7D
Sun Sep 21 2025 13:18:27 GMT-0500 (Central Daylight Time) GET /api/trpc/scorecard.getRemainingScans?input=%7B%22json%22%3A%7B%22userId%22%3A%22mfu0tipyvlzte7x06t9%22%7D%7D
Sun Sep 21 2025 13:18:27 GMT-0500 (Central Daylight Time) GET /api/trpc/scorecard.getRemainingScans?input=%7B%22json%22%3A%7B%22userId%22%3A%22mfu0tiu8ghm0ukct7xj%22%7D%7D
Sun Sep 21 2025 13:18:28 GMT-0500 (Central Daylight Time) GET /api/trpc/scorecard.getRemainingScans?input=%7B%22json%22%3A%7B%22userId%22%3A%22mfu0tiydingj0j81k0n%22%7D%7D
Sun Sep 21 2025 13:18:28 GMT-0500 (Central Daylight Time) GET /api/trpc/scorecard.getRemainingScans?input=%7B%22json%22%3A%7B%22userId%22%3A%22mfu0tj2i3opyiy6b6pv%22%7D%7D
Sun Sep 21 2025 13:18:28 GMT-0500 (Central Daylight Time) GET /api/trpc/scorecard.getRemainingScans?input=%7B%22json%22%3A%7B%22userId%22%3A%22mfu0tj6ptusfhi6vrf%22%7D%7D
Sun Sep 21 2025 13:18:28 GMT-0500 (Central Daylight Time) GET /api/trpc/scorecard.getRemainingScans?input=%7B%22json%22%3A%7B%22userId%22%3A%22mfu0tjaz5bed6boc4f7%22%7D%7D
Sun Sep 21 2025 13:18:28 GMT-0500 (Central Daylight Time) GET /api/trpc/scorecard.getRemainingScans?input=%7B%22json%22%3A%7B%22userId%22%3A%22mfu0tjf7jp3pjz2kppa%22%7D%7D
Sun Sep 21 2025 13:18:28 GMT-0500 (Central Daylight Time) GET /api/trpc/scorecard.getRemainingScans?input=%7B%22json%22%3A%7B%22userId%22%3A%22mfu0tjjamst4r8jy25%22%7D%7D
Sun Sep 21 2025 13:18:28 GMT-0500 (Central Daylight Time) GET /api/trpc/scorecard.getRemainingScans?input=%7B%22json%22%3A%7B%22userId%22%3A%22mfu0tjnmfg6c4xkv1j%22%7D%7D
Sun Sep 21 2025 13:18:29 GMT-0500 (Central Daylight Time) GET /api/trpc/scorecard.getRemainingScans?input=%7B%22json%22%3A%7B%22userId%22%3A%22mfu0tjrvfsbun55xoce%22%7D%7D
Sun Sep 21 2025 13:18:29 GMT-0500 (Central Daylight Time) GET /api/trpc/scorecard.getRemainingScans?input=%7B%22json%22%3A%7B%22userId%22%3A%22mfu0tjwh134lvuz6tosq%22%7D%7D
Sun Sep 21 2025 13:18:29 GMT-0500 (Central Daylight Time) GET /api/trpc/scorecard.getRemainingScans?input=%7B%22json%22%3A%7B%22userId%22%3A%22mfu0tk0rxm5jjdd3zm%22%7D%7D
Sun Sep 21 2025 13:18:29 GMT-0500 (Central Daylight Time) GET /api/trpc/scorecard.getRemainingScans?input=%7B%22json%22%3A%7B%22userId%22%3A%22mfu0tk4vwp4mlhe9izp%22%7D%7D
Sun Sep 21 2025 13:18:29 GMT-0500 (Central Daylight Time) GET /api/trpc/scorecard.getRemainingScans?input=%7B%22json%22%3A%7B%22userId%22%3A%22mfu0tk9fa00go5jwk7h%22%7D%7D
Sun Sep 21 2025 13:18:29 GMT-0500 (Central Daylight Time) GET /api/trpc/scorecard.getRemainingScans?input=%7B%22json%22%3A%7B%22userId%22%3A%22mfu0tkdl8m5coehr57r%22%7D%7D
Sun Sep 21 2025 13:18:30 GMT-0500 (Central Daylight Time) GET /api/trpc/scorecard.getRemainingScans?input=%7B%22json%22%3A%7B%22userId%22%3A%22mfu0tkhyq9rpitbrmj%22%7D%7D
Sun Sep 21 2025 13:18:30 GMT-0500 (Central Daylight Time) GET /api/trpc/scorecard.getRemainingScans?input=%7B%22json%22%3A%7B%22userId%22%3A%22mfu0tkm4hdyybc0046%22%7D%7D
Sun Sep 21 2025 13:18:30 GMT-0500 (Central Daylight Time) GET /api/trpc/scorecard.getRemainingScans?input=%7B%22json%22%3A%7B%22userId%22%3A%22mfu0tkqpas0g52knezh%22%7D%7D
Sun Sep 21 2025 13:18:30 GMT-0500 (Central Daylight Time) GET /api/trpc/scorecard.getRemainingScans?input=%7B%22json%22%3A%7B%22userId%22%3A%22mfu0tkurrk2sw5wl3y%22%7D%7D
Sun Sep 21 2025 13:18:30 GMT-0500 (Central Daylight Time) GET /api/trpc/scorecard.getRemainingScans?input=%7B%22json%22%3A%7B%22userId%22%3A%22mfu0tkyzzfc8ldezrmg%22%7D%7D
Sun Sep 21 2025 13:18:30 GMT-0500 (Central Daylight Time) GET /api/trpc/scorecard.getRemainingScans?input=%7B%22json%22%3A%7B%22userId%22%3A%22mfu0tl354970u52nk7w%22%7D%7D
Sun Sep 21 2025 13:18:31 GMT-0500 (Central Daylight Time) GET /api/trpc/scorecard.getRemainingScans?input=%7B%22json%22%3A%7B%22userId%22%3A%22mfu0tl7k9shgsj7aj5%22%7D%7D
Sun Sep 21 2025 13:18:31 GMT-0500 (Central Daylight Time) GET /api/trpc/scorecard.getRemainingScans?input=%7B%22json%22%3A%7B%22userId%22%3A%22mfu0tlbvofr3oc517u%22%7D%7D
Sun Sep 21 2025 13:18:31 GMT-0500 (Central Daylight Time) GET /api/trpc/scorecard.getRemainingScans?input=%7B%22json%22%3A%7B%22userId%22%3A%22mfu0tlg3dnxskewvvmn%22%7D%7D
Sun Sep 21 2025 13:18:31 GMT-0500 (Central Daylight Time) GET /api/trpc/scorecard.getRemainingScans?input=%7B%22json%22%3A%7B%22userId%22%3A%22mfu0tlkcwii8iwel07%22%7D%7D
Sun Sep 21 2025 13:18:31 GMT-0500 (Central Daylight Time) GET /api/trpc/scorecard.getRemainingScans?input=%7B%22json%22%3A%7B%22userId%22%3A%22mfu0tlok7uzwtx21hbn%22%7D%7D
Sun Sep 21 2025 13:18:31 GMT-0500 (Central Daylight Time) GET /api/trpc/scorecard.getRemainingScans?input=%7B%22json%22%3A%7B%22userId%22%3A%22mfu0tlspl2c6hcdkfo%22%7D%7D
Sun Sep 21 2025 13:18:31 GMT-0500 (Central Daylight Time) GET /api/trpc/scorecard.getRemainingScans?input=%7B%22json%22%3A%7B%22userId%22%3A%22mfu0tlwypu37lkovnp%22%7D%7D
Sun Sep 21 2025 13:18:32 GMT-0500 (Central Daylight Time) GET /api/trpc/scorecard.getRemainingScans?input=%7B%22json%22%3A%7B%22userId%22%3A%22mfu0tm1abnfbpc5lazc%22%7D%7D
Sun Sep 21 2025 13:18:32 GMT-0500 (Central Daylight Time) GET /api/trpc/scorecard.getRemainingScans?input=%7B%22json%22%3A%7B%22userId%22%3A%22mfu0tm5bimcn879vso%22%7D%7D
Sun Sep 21 2025 13:18:32 GMT-0500 (Central Daylight Time) GET /api/trpc/scorecard.getRemainingScans?input=%7B%22json%22%3A%7B%22userId%22%3A%22mfu0tm9ocdmc31isaz%22%7D%7D
Sun Sep 21 2025 13:18:32 GMT-0500 (Central Daylight Time) GET /api/trpc/scorecard.getRemainingScans?input=%7B%22json%22%3A%7B%22userId%22%3A%22mfu0tmdx04n57z7q0lw6%22%7D%7D
Sun Sep 21 2025 13:18:32 GMT-0500 (Central Daylight Time) GET /api/trpc/scorecard.getRemainingScans?input=%7B%22json%22%3A%7B%22userId%22%3A%22mfu0tmi3zcpki7x8zfd%22%7D%7D
Sun Sep 21 2025 13:18:32 GMT-0500 (Central Daylight Time) GET /api/trpc/scorecard.getRemainingScans?input=%7B%22json%22%3A%7B%22userId%22%3A%22mfu0tmmdd4v82biv4vh%22%7D%7D
Sun Sep 21 2025 13:18:32 GMT-0500 (Central Daylight Time) GET /api/trpc/scorecard.getRemainingScans?input=%7B%22json%22%3A%7B%22userId%22%3A%22mfu0tmqh77beqo24d9h%22%7D%7D
Sun Sep 21 2025 13:18:33 GMT-0500 (Central Daylight Time) GET /api/trpc/scorecard.getRemainingScans?input=%7B%22json%22%3A%7B%22userId%22%3A%22mfu0tmuqf1ytnc1vib7%22%7D%7D
Sun Sep 21 2025 13:18:33 GMT-0500 (Central Daylight Time) GET /api/trpc/scorecard.getRemainingScans?input=%7B%22json%22%3A%7B%22userId%22%3A%22mfu0tmywbuxfmet2d0f%22%7D%7D
Sun Sep 21 2025 13:18:33 GMT-0500 (Central Daylight Time) GET /api/trpc/scorecard.getRemainingScans?input=%7B%22json%22%3A%7B%22userId%22%3A%22mfu0tn35m9a1ai7rq1%22%7D%7D
Sun Sep 21 2025 13:18:33 GMT-0500 (Central Daylight Time) GET /api/trpc/scorecard.getRemainingScans?input=%7B%22json%22%3A%7B%22userId%22%3A%22mfu0tn7fs6inqjxfoce%22%7D%7D
Sun Sep 21 2025 13:18:33 GMT-0500 (Central Daylight Time) GET /api/trpc/scorecard.getRemainingScans?input=%7B%22json%22%3A%7B%22userId%22%3A%22mfu0tnblrhcyz0meg4%22%7D%7D
Sun Sep 21 2025 13:18:33 GMT-0500 (Central Daylight Time) GET /api/trpc/scorecard.getRemainingScans?input=%7B%22json%22%3A%7B%22userId%22%3A%22mfu0tnfnv3i39vzrags%22%7D%7D
Sun Sep 21 2025 13:18:34 GMT-0500 (Central Daylight Time) GET /api/trpc/scorecard.getRemainingScans?input=%7B%22json%22%3A%7B%22userId%22%3A%22mfu0tnk0w15euif89ae%22%7D%7D
Sun Sep 21 2025 13:18:34 GMT-0500 (Central Daylight Time) GET /api/trpc/scorecard.getRemainingScans?input=%7B%22json%22%3A%7B%22userId%22%3A%22mfu0tno75l3ks02zsbu%22%7D%7D
Sun Sep 21 2025 13:18:34 GMT-0500 (Central Daylight Time) GET /api/trpc/scorecard.getRemainingScans?input=%7B%22json%22%3A%7B%22userId%22%3A%22mfu0tnsb5j5st3xxx8u%22%7D%7D
Sun Sep 21 2025 13:18:34 GMT-0500 (Central Daylight Time) GET /api/trpc/scorecard.getRemainingScans?input=%7B%22json%22%3A%7B%22userId%22%3A%22mfu0tnwgo8kavda5ep%22%7D%7D
Sun Sep 21 2025 13:18:34 GMT-0500 (Central Daylight Time) GET /api/trpc/scorecard.getRemainingScans?input=%7B%22json%22%3A%7B%22userId%22%3A%22mfu0to0plpz6u71kefm%22%7D%7D
Sun Sep 21 2025 13:18:34 GMT-0500 (Central Daylight Time) GET /api/trpc/scorecard.getRemainingScans?input=%7B%22json%22%3A%7B%22userId%22%3A%22mfu0to4vjb4e0khe12%22%7D%7D
Sun Sep 21 2025 13:18:34 GMT-0500 (Central Daylight Time) GET /api/trpc/scorecard.getRemainingScans?input=%7B%22json%22%3A%7B%22userId%22%3A%22mfu0to966vkfb6uxs1n%22%7D%7D
Sun Sep 21 2025 13:18:35 GMT-0500 (Central Daylight Time) GET /api/trpc/scorecard.getRemainingScans?input=%7B%22json%22%3A%7B%22userId%22%3A%22mfu0todjn2trsx62am%22%7D%7D
Sun Sep 21 2025 13:18:35 GMT-0500 (Central Daylight Time) GET /api/trpc/scorecard.getRemainingScans?input=%7B%22json%22%3A%7B%22userId%22%3A%22mfu0tohp5dt3ujcbvii%22%7D%7D
Sun Sep 21 2025 13:18:35 GMT-0500 (Central Daylight Time) GET /api/trpc/scorecard.getRemainingScans?input=%7B%22json%22%3A%7B%22userId%22%3A%22mfu0toluj1lh9dfthz%22%7D%7D
Sun Sep 21 2025 13:18:35 GMT-0500 (Central Daylight Time) GET /api/trpc/scorecard.getRemainingScans?input=%7B%22json%22%3A%7B%22userId%22%3A%22mfu0toq8jbz5q6h48g%22%7D%7D
Sun Sep 21 2025 13:18:35 GMT-0500 (Central Daylight Time) GET /api/trpc/scorecard.getRemainingScans?input=%7B%22json%22%3A%7B%22userId%22%3A%22mfu0touj4rfb1qixzm8%22%7D%7D
Sun Sep 21 2025 13:18:35 GMT-0500 (Central Daylight Time) GET /api/trpc/scorecard.getRemainingScans?input=%7B%22json%22%3A%7B%22userId%22%3A%22mfu0toyp9s4tw7c3vja%22%7D%7D
Sun Sep 21 2025 13:18:36 GMT-0500 (Central Daylight Time) GET /api/trpc/scorecard.getRemainingScans?input=%7B%22json%22%3A%7B%22userId%22%3A%22mfu0tp38eagh6ythqcm%22%7D%7D
Sun Sep 21 2025 13:18:36 GMT-0500 (Central Daylight Time) GET /api/trpc/scorecard.getRemainingScans?input=%7B%22json%22%3A%7B%22userId%22%3A%22mfu0tp7hokrirvyuaw%22%7D%7D
Sun Sep 21 2025 13:18:36 GMT-0500 (Central Daylight Time) GET /api/trpc/scorecard.getRemainingScans?input=%7B%22json%22%3A%7B%22userId%22%3A%22mfu0tpbj36vidsb51xt%22%7D%7D
Sun Sep 21 2025 13:18:36 GMT-0500 (Central Daylight Time) GET /api/trpc/scorecard.getRemainingScans?input=%7B%22json%22%3A%7B%22userId%22%3A%22mfu0tpftvvgh99a90ni%22%7D%7D
Sun Sep 21 2025 13:18:36 GMT-0500 (Central Daylight Time) GET /api/trpc/scorecard.getRemainingScans?input=%7B%22json%22%3A%7B%22userId%22%3A%22mfu0tpk1ltzafd6kisl%22%7D%7D
Sun Sep 21 2025 13:18:36 GMT-0500 (Central Daylight Time) GET /api/trpc/scorecard.getRemainingScans?input=%7B%22json%22%3A%7B%22userId%22%3A%22mfu0tpo6j01iwxraad%22%7D%7D
Sun Sep 21 2025 13:18:36 GMT-0500 (Central Daylight Time) GET /api/trpc/scorecard.getRemainingScans?input=%7B%22json%22%3A%7B%22userId%22%3A%22mfu0tps62e182hoy9x6%22%7D%7D
Sun Sep 21 2025 13:18:37 GMT-0500 (Central Daylight Time) GET /api/trpc/scorecard.getRemainingScans?input=%7B%22json%22%3A%7B%22userId%22%3A%22mfu0tpw1qgeqf2lszt%22%7D%7D
Sun Sep 21 2025 13:18:37 GMT-0500 (Central Daylight Time) GET /api/trpc/scorecard.getRemainingScans?input=%7B%22json%22%3A%7B%22userId%22%3A%22mfu0tq0iz7yj6ymksv8%22%7D%7D
Sun Sep 21 2025 13:18:37 GMT-0500 (Central Daylight Time) GET /api/trpc/scorecard.getRemainingScans?input=%7B%22json%22%3A%7B%22userId%22%3A%22mfu0tq4sf9ok9ia7897%22%7D%7D
Sun Sep 21 2025 13:18:37 GMT-0500 (Central Daylight Time) GET /api/trpc/scorecard.getRemainingScans?input=%7B%22json%22%3A%7B%22userId%22%3A%22mfu0tq8xtdbts7j9smh%22%7D%7D
Sun Sep 21 2025 13:18:37 GMT-0500 (Central Daylight Time) GET /api/trpc/scorecard.getRemainingScans?input=%7B%22json%22%3A%7B%22userId%22%3A%22mfu0tqd6zyd6b5r6g5m%22%7D%7D
Sun Sep 21 2025 13:18:37 GMT-0500 (Central Daylight Time) GET /api/trpc/scorecard.getRemainingScans?input=%7B%22json%22%3A%7B%22userId%22%3A%22mfu0tqhiftnee39n8mr%22%7D%7D
Sun Sep 21 2025 13:18:38 GMT-0500 (Central Daylight Time) GET /api/trpc/scorecard.getRemainingScans?input=%7B%22json%22%3A%7B%22userId%22%3A%22mfu0tqlolfagcld156%22%7D%7D
Sun Sep 21 2025 13:18:38 GMT-0500 (Central Daylight Time) GET /api/trpc/scorecard.getRemainingScans?input=%7B%22json%22%3A%7B%22userId%22%3A%22mfu0tqq0jkpbhpiu01b%22%7D%7D
Sun Sep 21 2025 13:18:38 GMT-0500 (Central Daylight Time) GET /api/trpc/scorecard.getRemainingScans?input=%7B%22json%22%3A%7B%22userId%22%3A%22mfu0tqu81k80s377i24%22%7D%7D
Sun Sep 21 2025 13:18:38 GMT-0500 (Central Daylight Time) GET /api/trpc/scorecard.getRemainingScans?input=%7B%22json%22%3A%7B%22userId%22%3A%22mfu0tqyh472b9wgu87f%22%7D%7D
Sun Sep 21 2025 13:18:38 GMT-0500 (Central Daylight Time) GET /api/trpc/scorecard.getRemainingScans?input=%7B%22json%22%3A%7B%22userId%22%3A%22mfu0tr2pmqwg9g249h%22%7D%7D
Sun Sep 21 2025 13:18:38 GMT-0500 (Central Daylight Time) GET /api/trpc/scorecard.getRemainingScans?input=%7B%22json%22%3A%7B%22userId%22%3A%22mfu0tr6wrphhba85cif%22%7D%7D
